<?xml version="1.0" encoding="UTF-8"?>
<testsuites name="FrameworkSuite" time="158" tests="2" failures="0" errors="0">
   <testsuite name="FrameworkSuite" tests="2" failures="0" errors="0" time="158" timestamp="2018-11-24 11:49:15" hostname="Rajesh.V - angler109.angleritech.com" id="Test Suites/FrameworkSuite">
      <properties>
         <property name="deviceName" value=""/>
         <property name="devicePlatform" value=""/>
         <property name="logFolder" value="E:\\Rajesh\\Showtime_Automation\\SolutionFramework-2.O\\Reports\\FrameworkSuite\\20181124_114908"/>
         <property name="logFiles" value="E:\\Rajesh\\Showtime_Automation\\SolutionFramework-2.O\\Reports\\FrameworkSuite\\20181124_114908\\execution0.log"/>
         <property name="attachments" value=""/>
         <property name="hostName" value="Rajesh.V - angler109.angleritech.com"/>
         <property name="os" value="Windows 10 64bit"/>
         <property name="katalonVersion" value="5.3.1.1"/>
         <property name="browser" value="Chrome 70.0.3538.102"/>
         <property name="hostAddress" value="192.168.219.2"/>
         <property name="sessionId" value="711aede1c0ff53a9c8154d352770ccb8"/>
         <property name="seleniumVersion" value="3.7.1"/>
         <property name="proxyInformation" value="ProxyInformation{proxyOption=NO_PROXY, proxyServerType=HTTP, password=, proxyServerAddress=, proxyServerPort=0}"/>
         <property name="platform" value="Windows 10"/>
      </properties>
      <testcase name="Test Cases/Framework/CollectionsMap" classname="Test Cases/Framework/CollectionsMap" status="PASSED">
         <system-out><![CDATA[2018-11-24 11:49:15 - [TEST_CASE][PASSED] - Test Cases/Framework/CollectionsMap: Test Cases/Framework/CollectionsMap

2018-11-24 11:49:16 - [TEST_STEP][PASSED] - Statement - TestCase = com.kms.katalon.core.testdata.TestDataFactory.findTestData(Data Files/Framework/TestCase): Reading excel file with source file 'E:\Rajesh\Showtime_Automation\Showtime_Automation - Copies\Frame.xlsx' and sheet name 'Testcases'

2018-11-24 11:49:17 - [TEST_STEP][PASSED] - Statement - Configuration = com.kms.katalon.core.testdata.TestDataFactory.findTestData(Data Files/Framework/Configuration): Reading excel file with source file 'E:\Rajesh\Showtime_Automation\Showtime_Automation - Copies\Frame.xlsx' and sheet name 'Configuration'

2018-11-24 11:49:17 - [TEST_STEP][PASSED] - Statement - Testcase_numbers_index = new java.util.ArrayList(): null

2018-11-24 11:49:17 - [TEST_STEP][PASSED] - Statement - Testcase_numbers_values = new java.util.ArrayList(): null

2018-11-24 11:49:17 - [TEST_STEP][PASSED] - Statement - config_numbers_values = new java.util.ArrayList(): null

2018-11-24 11:49:17 - [TEST_STEP][PASSED] - Statement - config_numbers_index = new java.util.ArrayList(): null

2018-11-24 11:49:17 - [TEST_STEP][PASSED] - Statement - testcase_index = new java.util.ArrayList(): null

2018-11-24 11:49:17 - [TEST_STEP][PASSED] - Statement - testcase_value = new java.util.ArrayList(): null

2018-11-24 11:49:17 - [TEST_STEP][PASSED] - Statement - config_useraction_values = new java.util.ArrayList(): null

2018-11-24 11:49:17 - [TEST_STEP][PASSED] - Statement - config_useraction_index = new java.util.ArrayList(): null

2018-11-24 11:49:17 - [TEST_STEP][PASSED] - Statement - hmap = new java.util.TreeMap(): null

2018-11-24 11:49:17 - [TEST_STEP][PASSED] - Statement - hmapuserAction = new java.util.TreeMap(): null

2018-11-24 11:49:17 - [TEST_STEP][PASSED] - Statement - For ([getTestCaseData = 1, getTestCaseData <= TestCase.getRowNumbers(), (getTestCaseData++)]): null

2018-11-24 11:49:17 - [TEST_STEP][PASSED] - Statement - scenarioData = TestCase.getValue("Modules", getTestCaseData): null

2018-11-24 11:49:17 - [TEST_STEP][PASSED] - Statement - useractionData = TestCase.getValue("UserAction", getTestCaseData): null

2018-11-24 11:49:17 - [TEST_STEP][PASSED] - Statement - If (!(empty)): null

2018-11-24 11:49:17 - [TEST_STEP][PASSED] - Statement - hmap.put(getTestCaseData, scenarioData): null

2018-11-24 11:49:17 - [TEST_STEP][PASSED] - Statement - hmapuserAction.put(getTestCaseData, useractionData): null

2018-11-24 11:49:17 - [TEST_STEP][PASSED] - Statement - scenarioData = TestCase.getValue("Modules", getTestCaseData): null

2018-11-24 11:49:17 - [TEST_STEP][PASSED] - Statement - useractionData = TestCase.getValue("UserAction", getTestCaseData): null

2018-11-24 11:49:17 - [TEST_STEP][PASSED] - Statement - If (!(empty)): null

2018-11-24 11:49:17 - [TEST_STEP][PASSED] - Statement - scenarioData = TestCase.getValue("Modules", getTestCaseData): null

2018-11-24 11:49:17 - [TEST_STEP][PASSED] - Statement - useractionData = TestCase.getValue("UserAction", getTestCaseData): null

2018-11-24 11:49:17 - [TEST_STEP][PASSED] - Statement - If (!(empty)): null

2018-11-24 11:49:17 - [TEST_STEP][PASSED] - Statement - scenarioData = TestCase.getValue("Modules", getTestCaseData): null

2018-11-24 11:49:17 - [TEST_STEP][PASSED] - Statement - useractionData = TestCase.getValue("UserAction", getTestCaseData): null

2018-11-24 11:49:17 - [TEST_STEP][PASSED] - Statement - If (!(empty)): null

2018-11-24 11:49:17 - [TEST_STEP][PASSED] - Statement - scenarioData = TestCase.getValue("Modules", getTestCaseData): null

2018-11-24 11:49:17 - [TEST_STEP][PASSED] - Statement - useractionData = TestCase.getValue("UserAction", getTestCaseData): null

2018-11-24 11:49:17 - [TEST_STEP][PASSED] - Statement - If (!(empty)): null

2018-11-24 11:49:17 - [TEST_STEP][PASSED] - Statement - scenarioData = TestCase.getValue("Modules", getTestCaseData): null

2018-11-24 11:49:17 - [TEST_STEP][PASSED] - Statement - useractionData = TestCase.getValue("UserAction", getTestCaseData): null

2018-11-24 11:49:17 - [TEST_STEP][PASSED] - Statement - If (!(empty)): null

2018-11-24 11:49:17 - [TEST_STEP][PASSED] - Statement - scenarioData = TestCase.getValue("Modules", getTestCaseData): null

2018-11-24 11:49:17 - [TEST_STEP][PASSED] - Statement - useractionData = TestCase.getValue("UserAction", getTestCaseData): null

2018-11-24 11:49:17 - [TEST_STEP][PASSED] - Statement - If (!(empty)): null

2018-11-24 11:49:17 - [TEST_STEP][PASSED] - Statement - hmap.put(getTestCaseData, scenarioData): null

2018-11-24 11:49:17 - [TEST_STEP][PASSED] - Statement - hmapuserAction.put(getTestCaseData, useractionData): null

2018-11-24 11:49:17 - [TEST_STEP][PASSED] - Statement - scenarioData = TestCase.getValue("Modules", getTestCaseData): null

2018-11-24 11:49:17 - [TEST_STEP][PASSED] - Statement - useractionData = TestCase.getValue("UserAction", getTestCaseData): null

2018-11-24 11:49:17 - [TEST_STEP][PASSED] - Statement - If (!(empty)): null

2018-11-24 11:49:17 - [TEST_STEP][PASSED] - Statement - scenarioData = TestCase.getValue("Modules", getTestCaseData): null

2018-11-24 11:49:17 - [TEST_STEP][PASSED] - Statement - useractionData = TestCase.getValue("UserAction", getTestCaseData): null

2018-11-24 11:49:17 - [TEST_STEP][PASSED] - Statement - If (!(empty)): null

2018-11-24 11:49:17 - [TEST_STEP][PASSED] - Statement - scenarioData = TestCase.getValue("Modules", getTestCaseData): null

2018-11-24 11:49:17 - [TEST_STEP][PASSED] - Statement - useractionData = TestCase.getValue("UserAction", getTestCaseData): null

2018-11-24 11:49:18 - [TEST_STEP][PASSED] - Statement - If (!(empty)): null

2018-11-24 11:49:18 - [TEST_STEP][PASSED] - Statement - scenarioData = TestCase.getValue("Modules", getTestCaseData): null

2018-11-24 11:49:18 - [TEST_STEP][PASSED] - Statement - useractionData = TestCase.getValue("UserAction", getTestCaseData): null

2018-11-24 11:49:18 - [TEST_STEP][PASSED] - Statement - If (!(empty)): null

2018-11-24 11:49:18 - [TEST_STEP][PASSED] - Statement - scenarioData = TestCase.getValue("Modules", getTestCaseData): null

2018-11-24 11:49:18 - [TEST_STEP][PASSED] - Statement - useractionData = TestCase.getValue("UserAction", getTestCaseData): null

2018-11-24 11:49:18 - [TEST_STEP][PASSED] - Statement - If (!(empty)): null

2018-11-24 11:49:18 - [TEST_STEP][PASSED] - Statement - scenarioData = TestCase.getValue("Modules", getTestCaseData): null

2018-11-24 11:49:18 - [TEST_STEP][PASSED] - Statement - useractionData = TestCase.getValue("UserAction", getTestCaseData): null

2018-11-24 11:49:18 - [TEST_STEP][PASSED] - Statement - If (!(empty)): null

2018-11-24 11:49:18 - [TEST_STEP][PASSED] - Statement - scenarioData = TestCase.getValue("Modules", getTestCaseData): null

2018-11-24 11:49:18 - [TEST_STEP][PASSED] - Statement - useractionData = TestCase.getValue("UserAction", getTestCaseData): null

2018-11-24 11:49:18 - [TEST_STEP][PASSED] - Statement - If (!(empty)): null

2018-11-24 11:49:18 - [TEST_STEP][PASSED] - Statement - scenarioData = TestCase.getValue("Modules", getTestCaseData): null

2018-11-24 11:49:18 - [TEST_STEP][PASSED] - Statement - useractionData = TestCase.getValue("UserAction", getTestCaseData): null

2018-11-24 11:49:18 - [TEST_STEP][PASSED] - Statement - If (!(empty)): null

2018-11-24 11:49:18 - [TEST_STEP][PASSED] - Statement - scenarioData = TestCase.getValue("Modules", getTestCaseData): null

2018-11-24 11:49:18 - [TEST_STEP][PASSED] - Statement - useractionData = TestCase.getValue("UserAction", getTestCaseData): null

2018-11-24 11:49:18 - [TEST_STEP][PASSED] - Statement - If (!(empty)): null

2018-11-24 11:49:18 - [TEST_STEP][PASSED] - Statement - scenarioData = TestCase.getValue("Modules", getTestCaseData): null

2018-11-24 11:49:18 - [TEST_STEP][PASSED] - Statement - useractionData = TestCase.getValue("UserAction", getTestCaseData): null

2018-11-24 11:49:18 - [TEST_STEP][PASSED] - Statement - If (!(empty)): null

2018-11-24 11:49:18 - [TEST_STEP][PASSED] - Statement - scenarioData = TestCase.getValue("Modules", getTestCaseData): null

2018-11-24 11:49:18 - [TEST_STEP][PASSED] - Statement - useractionData = TestCase.getValue("UserAction", getTestCaseData): null

2018-11-24 11:49:18 - [TEST_STEP][PASSED] - Statement - If (!(empty)): null

2018-11-24 11:49:18 - [TEST_STEP][PASSED] - Statement - scenarioData = TestCase.getValue("Modules", getTestCaseData): null

2018-11-24 11:49:18 - [TEST_STEP][PASSED] - Statement - useractionData = TestCase.getValue("UserAction", getTestCaseData): null

2018-11-24 11:49:18 - [TEST_STEP][PASSED] - Statement - If (!(empty)): null

2018-11-24 11:49:18 - [TEST_STEP][PASSED] - Statement - scenarioData = TestCase.getValue("Modules", getTestCaseData): null

2018-11-24 11:49:18 - [TEST_STEP][PASSED] - Statement - useractionData = TestCase.getValue("UserAction", getTestCaseData): null

2018-11-24 11:49:18 - [TEST_STEP][PASSED] - Statement - If (!(empty)): null

2018-11-24 11:49:18 - [TEST_STEP][PASSED] - Statement - scenarioData = TestCase.getValue("Modules", getTestCaseData): null

2018-11-24 11:49:18 - [TEST_STEP][PASSED] - Statement - useractionData = TestCase.getValue("UserAction", getTestCaseData): null

2018-11-24 11:49:18 - [TEST_STEP][PASSED] - Statement - If (!(empty)): null

2018-11-24 11:49:18 - [TEST_STEP][PASSED] - Statement - scenarioData = TestCase.getValue("Modules", getTestCaseData): null

2018-11-24 11:49:18 - [TEST_STEP][PASSED] - Statement - useractionData = TestCase.getValue("UserAction", getTestCaseData): null

2018-11-24 11:49:18 - [TEST_STEP][PASSED] - Statement - If (!(empty)): null

2018-11-24 11:49:18 - [TEST_STEP][PASSED] - Statement - scenarioData = TestCase.getValue("Modules", getTestCaseData): null

2018-11-24 11:49:18 - [TEST_STEP][PASSED] - Statement - useractionData = TestCase.getValue("UserAction", getTestCaseData): null

2018-11-24 11:49:18 - [TEST_STEP][PASSED] - Statement - If (!(empty)): null

2018-11-24 11:49:18 - [TEST_STEP][PASSED] - Statement - scenarioData = TestCase.getValue("Modules", getTestCaseData): null

2018-11-24 11:49:18 - [TEST_STEP][PASSED] - Statement - useractionData = TestCase.getValue("UserAction", getTestCaseData): null

2018-11-24 11:49:18 - [TEST_STEP][PASSED] - Statement - If (!(empty)): null

2018-11-24 11:49:18 - [TEST_STEP][PASSED] - Statement - scenarioData = TestCase.getValue("Modules", getTestCaseData): null

2018-11-24 11:49:18 - [TEST_STEP][PASSED] - Statement - useractionData = TestCase.getValue("UserAction", getTestCaseData): null

2018-11-24 11:49:18 - [TEST_STEP][PASSED] - Statement - If (!(empty)): null

2018-11-24 11:49:18 - [TEST_STEP][PASSED] - Statement - scenarioData = TestCase.getValue("Modules", getTestCaseData): null

2018-11-24 11:49:18 - [TEST_STEP][PASSED] - Statement - useractionData = TestCase.getValue("UserAction", getTestCaseData): null

2018-11-24 11:49:18 - [TEST_STEP][PASSED] - Statement - If (!(empty)): null

2018-11-24 11:49:18 - [TEST_STEP][PASSED] - Statement - scenarioData = TestCase.getValue("Modules", getTestCaseData): null

2018-11-24 11:49:18 - [TEST_STEP][PASSED] - Statement - useractionData = TestCase.getValue("UserAction", getTestCaseData): null

2018-11-24 11:49:18 - [TEST_STEP][PASSED] - Statement - If (!(empty)): null

2018-11-24 11:49:18 - [TEST_STEP][PASSED] - Statement - scenarioData = TestCase.getValue("Modules", getTestCaseData): null

2018-11-24 11:49:18 - [TEST_STEP][PASSED] - Statement - useractionData = TestCase.getValue("UserAction", getTestCaseData): null

2018-11-24 11:49:18 - [TEST_STEP][PASSED] - Statement - If (!(empty)): null

2018-11-24 11:49:18 - [TEST_STEP][PASSED] - Statement - scenarioData = TestCase.getValue("Modules", getTestCaseData): null

2018-11-24 11:49:18 - [TEST_STEP][PASSED] - Statement - useractionData = TestCase.getValue("UserAction", getTestCaseData): null

2018-11-24 11:49:18 - [TEST_STEP][PASSED] - Statement - If (!(empty)): null

2018-11-24 11:49:18 - [TEST_STEP][PASSED] - Statement - scenarioData = TestCase.getValue("Modules", getTestCaseData): null

2018-11-24 11:49:18 - [TEST_STEP][PASSED] - Statement - useractionData = TestCase.getValue("UserAction", getTestCaseData): null

2018-11-24 11:49:18 - [TEST_STEP][PASSED] - Statement - If (!(empty)): null

2018-11-24 11:49:18 - [TEST_STEP][PASSED] - Statement - scenarioData = TestCase.getValue("Modules", getTestCaseData): null

2018-11-24 11:49:18 - [TEST_STEP][PASSED] - Statement - useractionData = TestCase.getValue("UserAction", getTestCaseData): null

2018-11-24 11:49:18 - [TEST_STEP][PASSED] - Statement - If (!(empty)): null

2018-11-24 11:49:18 - [TEST_STEP][PASSED] - Statement - scenarioData = TestCase.getValue("Modules", getTestCaseData): null

2018-11-24 11:49:18 - [TEST_STEP][PASSED] - Statement - useractionData = TestCase.getValue("UserAction", getTestCaseData): null

2018-11-24 11:49:18 - [TEST_STEP][PASSED] - Statement - If (!(empty)): null

2018-11-24 11:49:18 - [TEST_STEP][PASSED] - Statement - scenarioData = TestCase.getValue("Modules", getTestCaseData): null

2018-11-24 11:49:18 - [TEST_STEP][PASSED] - Statement - useractionData = TestCase.getValue("UserAction", getTestCaseData): null

2018-11-24 11:49:18 - [TEST_STEP][PASSED] - Statement - If (!(empty)): null

2018-11-24 11:49:18 - [TEST_STEP][PASSED] - Statement - scenarioData = TestCase.getValue("Modules", getTestCaseData): null

2018-11-24 11:49:18 - [TEST_STEP][PASSED] - Statement - useractionData = TestCase.getValue("UserAction", getTestCaseData): null

2018-11-24 11:49:18 - [TEST_STEP][PASSED] - Statement - If (!(empty)): null

2018-11-24 11:49:18 - [TEST_STEP][PASSED] - Statement - scenarioData = TestCase.getValue("Modules", getTestCaseData): null

2018-11-24 11:49:18 - [TEST_STEP][PASSED] - Statement - useractionData = TestCase.getValue("UserAction", getTestCaseData): null

2018-11-24 11:49:18 - [TEST_STEP][PASSED] - Statement - If (!(empty)): null

2018-11-24 11:49:18 - [TEST_STEP][PASSED] - Statement - scenarioData = TestCase.getValue("Modules", getTestCaseData): null

2018-11-24 11:49:18 - [TEST_STEP][PASSED] - Statement - useractionData = TestCase.getValue("UserAction", getTestCaseData): null

2018-11-24 11:49:18 - [TEST_STEP][PASSED] - Statement - If (!(empty)): null

2018-11-24 11:49:18 - [TEST_STEP][PASSED] - Statement - scenarioData = TestCase.getValue("Modules", getTestCaseData): null

2018-11-24 11:49:18 - [TEST_STEP][PASSED] - Statement - useractionData = TestCase.getValue("UserAction", getTestCaseData): null

2018-11-24 11:49:18 - [TEST_STEP][PASSED] - Statement - If (!(empty)): null

2018-11-24 11:49:18 - [TEST_STEP][PASSED] - Statement - scenarioData = TestCase.getValue("Modules", getTestCaseData): null

2018-11-24 11:49:18 - [TEST_STEP][PASSED] - Statement - useractionData = TestCase.getValue("UserAction", getTestCaseData): null

2018-11-24 11:49:18 - [TEST_STEP][PASSED] - Statement - If (!(empty)): null

2018-11-24 11:49:18 - [TEST_STEP][PASSED] - Statement - scenarioData = TestCase.getValue("Modules", getTestCaseData): null

2018-11-24 11:49:18 - [TEST_STEP][PASSED] - Statement - useractionData = TestCase.getValue("UserAction", getTestCaseData): null

2018-11-24 11:49:18 - [TEST_STEP][PASSED] - Statement - If (!(empty)): null

2018-11-24 11:49:18 - [TEST_STEP][PASSED] - Statement - scenarioData = TestCase.getValue("Modules", getTestCaseData): null

2018-11-24 11:49:18 - [TEST_STEP][PASSED] - Statement - useractionData = TestCase.getValue("UserAction", getTestCaseData): null

2018-11-24 11:49:18 - [TEST_STEP][PASSED] - Statement - If (!(empty)): null

2018-11-24 11:49:18 - [TEST_STEP][PASSED] - Statement - scenarioData = TestCase.getValue("Modules", getTestCaseData): null

2018-11-24 11:49:18 - [TEST_STEP][PASSED] - Statement - useractionData = TestCase.getValue("UserAction", getTestCaseData): null

2018-11-24 11:49:18 - [TEST_STEP][PASSED] - Statement - If (!(empty)): null

2018-11-24 11:49:18 - [TEST_STEP][PASSED] - Statement - scenarioData = TestCase.getValue("Modules", getTestCaseData): null

2018-11-24 11:49:18 - [TEST_STEP][PASSED] - Statement - useractionData = TestCase.getValue("UserAction", getTestCaseData): null

2018-11-24 11:49:18 - [TEST_STEP][PASSED] - Statement - If (!(empty)): null

2018-11-24 11:49:18 - [TEST_STEP][PASSED] - Statement - scenarioData = TestCase.getValue("Modules", getTestCaseData): null

2018-11-24 11:49:18 - [TEST_STEP][PASSED] - Statement - useractionData = TestCase.getValue("UserAction", getTestCaseData): null

2018-11-24 11:49:18 - [TEST_STEP][PASSED] - Statement - If (!(empty)): null

2018-11-24 11:49:18 - [TEST_STEP][PASSED] - Statement - scenarioData = TestCase.getValue("Modules", getTestCaseData): null

2018-11-24 11:49:18 - [TEST_STEP][PASSED] - Statement - useractionData = TestCase.getValue("UserAction", getTestCaseData): null

2018-11-24 11:49:18 - [TEST_STEP][PASSED] - Statement - If (!(empty)): null

2018-11-24 11:49:18 - [TEST_STEP][PASSED] - Statement - scenarioData = TestCase.getValue("Modules", getTestCaseData): null

2018-11-24 11:49:18 - [TEST_STEP][PASSED] - Statement - useractionData = TestCase.getValue("UserAction", getTestCaseData): null

2018-11-24 11:49:18 - [TEST_STEP][PASSED] - Statement - If (!(empty)): null

2018-11-24 11:49:18 - [TEST_STEP][PASSED] - Statement - scenarioData = TestCase.getValue("Modules", getTestCaseData): null

2018-11-24 11:49:18 - [TEST_STEP][PASSED] - Statement - useractionData = TestCase.getValue("UserAction", getTestCaseData): null

2018-11-24 11:49:18 - [TEST_STEP][PASSED] - Statement - If (!(empty)): null

2018-11-24 11:49:18 - [TEST_STEP][PASSED] - Statement - scenarioData = TestCase.getValue("Modules", getTestCaseData): null

2018-11-24 11:49:18 - [TEST_STEP][PASSED] - Statement - useractionData = TestCase.getValue("UserAction", getTestCaseData): null

2018-11-24 11:49:18 - [TEST_STEP][PASSED] - Statement - If (!(empty)): null

2018-11-24 11:49:18 - [TEST_STEP][PASSED] - Statement - scenarioData = TestCase.getValue("Modules", getTestCaseData): null

2018-11-24 11:49:18 - [TEST_STEP][PASSED] - Statement - useractionData = TestCase.getValue("UserAction", getTestCaseData): null

2018-11-24 11:49:18 - [TEST_STEP][PASSED] - Statement - If (!(empty)): null

2018-11-24 11:49:18 - [TEST_STEP][PASSED] - Statement - scenarioData = TestCase.getValue("Modules", getTestCaseData): null

2018-11-24 11:49:18 - [TEST_STEP][PASSED] - Statement - useractionData = TestCase.getValue("UserAction", getTestCaseData): null

2018-11-24 11:49:18 - [TEST_STEP][PASSED] - Statement - If (!(empty)): null

2018-11-24 11:49:18 - [TEST_STEP][PASSED] - Statement - scenarioData = TestCase.getValue("Modules", getTestCaseData): null

2018-11-24 11:49:18 - [TEST_STEP][PASSED] - Statement - useractionData = TestCase.getValue("UserAction", getTestCaseData): null

2018-11-24 11:49:18 - [TEST_STEP][PASSED] - Statement - If (!(empty)): null

2018-11-24 11:49:18 - [TEST_STEP][PASSED] - Statement - scenarioData = TestCase.getValue("Modules", getTestCaseData): null

2018-11-24 11:49:18 - [TEST_STEP][PASSED] - Statement - useractionData = TestCase.getValue("UserAction", getTestCaseData): null

2018-11-24 11:49:18 - [TEST_STEP][PASSED] - Statement - If (!(empty)): null

2018-11-24 11:49:18 - [TEST_STEP][PASSED] - Statement - hmap.put(getTestCaseData, scenarioData): null

2018-11-24 11:49:18 - [TEST_STEP][PASSED] - Statement - hmapuserAction.put(getTestCaseData, useractionData): null

2018-11-24 11:49:18 - [TEST_STEP][PASSED] - Statement - scenarioData = TestCase.getValue("Modules", getTestCaseData): null

2018-11-24 11:49:18 - [TEST_STEP][PASSED] - Statement - useractionData = TestCase.getValue("UserAction", getTestCaseData): null

2018-11-24 11:49:18 - [TEST_STEP][PASSED] - Statement - If (!(empty)): null

2018-11-24 11:49:18 - [TEST_STEP][PASSED] - Statement - scenarioData = TestCase.getValue("Modules", getTestCaseData): null

2018-11-24 11:49:18 - [TEST_STEP][PASSED] - Statement - useractionData = TestCase.getValue("UserAction", getTestCaseData): null

2018-11-24 11:49:18 - [TEST_STEP][PASSED] - Statement - If (!(empty)): null

2018-11-24 11:49:18 - [TEST_STEP][PASSED] - Statement - scenarioData = TestCase.getValue("Modules", getTestCaseData): null

2018-11-24 11:49:18 - [TEST_STEP][PASSED] - Statement - useractionData = TestCase.getValue("UserAction", getTestCaseData): null

2018-11-24 11:49:18 - [TEST_STEP][PASSED] - Statement - If (!(empty)): null

2018-11-24 11:49:18 - [TEST_STEP][PASSED] - Statement - scenarioData = TestCase.getValue("Modules", getTestCaseData): null

2018-11-24 11:49:18 - [TEST_STEP][PASSED] - Statement - useractionData = TestCase.getValue("UserAction", getTestCaseData): null

2018-11-24 11:49:18 - [TEST_STEP][PASSED] - Statement - If (!(empty)): null

2018-11-24 11:49:18 - [TEST_STEP][PASSED] - Statement - scenarioData = TestCase.getValue("Modules", getTestCaseData): null

2018-11-24 11:49:18 - [TEST_STEP][PASSED] - Statement - useractionData = TestCase.getValue("UserAction", getTestCaseData): null

2018-11-24 11:49:18 - [TEST_STEP][PASSED] - Statement - If (!(empty)): null

2018-11-24 11:49:18 - [TEST_STEP][PASSED] - Statement - scenarioData = TestCase.getValue("Modules", getTestCaseData): null

2018-11-24 11:49:18 - [TEST_STEP][PASSED] - Statement - useractionData = TestCase.getValue("UserAction", getTestCaseData): null

2018-11-24 11:49:18 - [TEST_STEP][PASSED] - Statement - If (!(empty)): null

2018-11-24 11:49:18 - [TEST_STEP][PASSED] - Statement - scenarioData = TestCase.getValue("Modules", getTestCaseData): null

2018-11-24 11:49:18 - [TEST_STEP][PASSED] - Statement - useractionData = TestCase.getValue("UserAction", getTestCaseData): null

2018-11-24 11:49:18 - [TEST_STEP][PASSED] - Statement - If (!(empty)): null

2018-11-24 11:49:18 - [TEST_STEP][PASSED] - Statement - scenarioData = TestCase.getValue("Modules", getTestCaseData): null

2018-11-24 11:49:18 - [TEST_STEP][PASSED] - Statement - useractionData = TestCase.getValue("UserAction", getTestCaseData): null

2018-11-24 11:49:18 - [TEST_STEP][PASSED] - Statement - If (!(empty)): null

2018-11-24 11:49:18 - [TEST_STEP][PASSED] - Statement - scenarioData = TestCase.getValue("Modules", getTestCaseData): null

2018-11-24 11:49:18 - [TEST_STEP][PASSED] - Statement - useractionData = TestCase.getValue("UserAction", getTestCaseData): null

2018-11-24 11:49:18 - [TEST_STEP][PASSED] - Statement - If (!(empty)): null

2018-11-24 11:49:18 - [TEST_STEP][PASSED] - Statement - scenarioData = TestCase.getValue("Modules", getTestCaseData): null

2018-11-24 11:49:18 - [TEST_STEP][PASSED] - Statement - useractionData = TestCase.getValue("UserAction", getTestCaseData): null

2018-11-24 11:49:18 - [TEST_STEP][PASSED] - Statement - If (!(empty)): null

2018-11-24 11:49:18 - [TEST_STEP][PASSED] - Statement - scenarioData = TestCase.getValue("Modules", getTestCaseData): null

2018-11-24 11:49:18 - [TEST_STEP][PASSED] - Statement - useractionData = TestCase.getValue("UserAction", getTestCaseData): null

2018-11-24 11:49:18 - [TEST_STEP][PASSED] - Statement - If (!(empty)): null

2018-11-24 11:49:18 - [TEST_STEP][PASSED] - Statement - scenarioData = TestCase.getValue("Modules", getTestCaseData): null

2018-11-24 11:49:18 - [TEST_STEP][PASSED] - Statement - useractionData = TestCase.getValue("UserAction", getTestCaseData): null

2018-11-24 11:49:18 - [TEST_STEP][PASSED] - Statement - If (!(empty)): null

2018-11-24 11:49:18 - [TEST_STEP][PASSED] - Statement - scenarioData = TestCase.getValue("Modules", getTestCaseData): null

2018-11-24 11:49:18 - [TEST_STEP][PASSED] - Statement - useractionData = TestCase.getValue("UserAction", getTestCaseData): null

2018-11-24 11:49:18 - [TEST_STEP][PASSED] - Statement - If (!(empty)): null

2018-11-24 11:49:18 - [TEST_STEP][PASSED] - Statement - scenarioData = TestCase.getValue("Modules", getTestCaseData): null

2018-11-24 11:49:18 - [TEST_STEP][PASSED] - Statement - useractionData = TestCase.getValue("UserAction", getTestCaseData): null

2018-11-24 11:49:18 - [TEST_STEP][PASSED] - Statement - If (!(empty)): null

2018-11-24 11:49:18 - [TEST_STEP][PASSED] - Statement - scenarioData = TestCase.getValue("Modules", getTestCaseData): null

2018-11-24 11:49:18 - [TEST_STEP][PASSED] - Statement - useractionData = TestCase.getValue("UserAction", getTestCaseData): null

2018-11-24 11:49:18 - [TEST_STEP][PASSED] - Statement - If (!(empty)): null

2018-11-24 11:49:18 - [TEST_STEP][PASSED] - Statement - scenarioData = TestCase.getValue("Modules", getTestCaseData): null

2018-11-24 11:49:18 - [TEST_STEP][PASSED] - Statement - useractionData = TestCase.getValue("UserAction", getTestCaseData): null

2018-11-24 11:49:18 - [TEST_STEP][PASSED] - Statement - If (!(empty)): null

2018-11-24 11:49:18 - [TEST_STEP][PASSED] - Statement - scenarioData = TestCase.getValue("Modules", getTestCaseData): null

2018-11-24 11:49:18 - [TEST_STEP][PASSED] - Statement - useractionData = TestCase.getValue("UserAction", getTestCaseData): null

2018-11-24 11:49:18 - [TEST_STEP][PASSED] - Statement - If (!(empty)): null

2018-11-24 11:49:18 - [TEST_STEP][PASSED] - Statement - scenarioData = TestCase.getValue("Modules", getTestCaseData): null

2018-11-24 11:49:18 - [TEST_STEP][PASSED] - Statement - useractionData = TestCase.getValue("UserAction", getTestCaseData): null

2018-11-24 11:49:18 - [TEST_STEP][PASSED] - Statement - If (!(empty)): null

2018-11-24 11:49:18 - [TEST_STEP][PASSED] - Statement - scenarioData = TestCase.getValue("Modules", getTestCaseData): null

2018-11-24 11:49:18 - [TEST_STEP][PASSED] - Statement - useractionData = TestCase.getValue("UserAction", getTestCaseData): null

2018-11-24 11:49:18 - [TEST_STEP][PASSED] - Statement - If (!(empty)): null

2018-11-24 11:49:18 - [TEST_STEP][PASSED] - Statement - scenarioData = TestCase.getValue("Modules", getTestCaseData): null

2018-11-24 11:49:18 - [TEST_STEP][PASSED] - Statement - useractionData = TestCase.getValue("UserAction", getTestCaseData): null

2018-11-24 11:49:18 - [TEST_STEP][PASSED] - Statement - If (!(empty)): null

2018-11-24 11:49:18 - [TEST_STEP][PASSED] - Statement - scenarioData = TestCase.getValue("Modules", getTestCaseData): null

2018-11-24 11:49:18 - [TEST_STEP][PASSED] - Statement - useractionData = TestCase.getValue("UserAction", getTestCaseData): null

2018-11-24 11:49:18 - [TEST_STEP][PASSED] - Statement - If (!(empty)): null

2018-11-24 11:49:18 - [TEST_STEP][PASSED] - Statement - scenarioData = TestCase.getValue("Modules", getTestCaseData): null

2018-11-24 11:49:18 - [TEST_STEP][PASSED] - Statement - useractionData = TestCase.getValue("UserAction", getTestCaseData): null

2018-11-24 11:49:18 - [TEST_STEP][PASSED] - Statement - If (!(empty)): null

2018-11-24 11:49:18 - [TEST_STEP][PASSED] - Statement - scenarioData = TestCase.getValue("Modules", getTestCaseData): null

2018-11-24 11:49:18 - [TEST_STEP][PASSED] - Statement - useractionData = TestCase.getValue("UserAction", getTestCaseData): null

2018-11-24 11:49:18 - [TEST_STEP][PASSED] - Statement - If (!(empty)): null

2018-11-24 11:49:18 - [TEST_STEP][PASSED] - Statement - scenarioData = TestCase.getValue("Modules", getTestCaseData): null

2018-11-24 11:49:18 - [TEST_STEP][PASSED] - Statement - useractionData = TestCase.getValue("UserAction", getTestCaseData): null

2018-11-24 11:49:18 - [TEST_STEP][PASSED] - Statement - If (!(empty)): null

2018-11-24 11:49:18 - [TEST_STEP][PASSED] - Statement - scenarioData = TestCase.getValue("Modules", getTestCaseData): null

2018-11-24 11:49:18 - [TEST_STEP][PASSED] - Statement - useractionData = TestCase.getValue("UserAction", getTestCaseData): null

2018-11-24 11:49:18 - [TEST_STEP][PASSED] - Statement - If (!(empty)): null

2018-11-24 11:49:18 - [TEST_STEP][PASSED] - Statement - scenarioData = TestCase.getValue("Modules", getTestCaseData): null

2018-11-24 11:49:18 - [TEST_STEP][PASSED] - Statement - useractionData = TestCase.getValue("UserAction", getTestCaseData): null

2018-11-24 11:49:18 - [TEST_STEP][PASSED] - Statement - If (!(empty)): null

2018-11-24 11:49:18 - [TEST_STEP][PASSED] - Statement - scenarioData = TestCase.getValue("Modules", getTestCaseData): null

2018-11-24 11:49:18 - [TEST_STEP][PASSED] - Statement - useractionData = TestCase.getValue("UserAction", getTestCaseData): null

2018-11-24 11:49:18 - [TEST_STEP][PASSED] - Statement - If (!(empty)): null

2018-11-24 11:49:18 - [TEST_STEP][PASSED] - Statement - hmap.put(getTestCaseData, scenarioData): null

2018-11-24 11:49:18 - [TEST_STEP][PASSED] - Statement - hmapuserAction.put(getTestCaseData, useractionData): null

2018-11-24 11:49:18 - [TEST_STEP][PASSED] - Statement - scenarioData = TestCase.getValue("Modules", getTestCaseData): null

2018-11-24 11:49:18 - [TEST_STEP][PASSED] - Statement - useractionData = TestCase.getValue("UserAction", getTestCaseData): null

2018-11-24 11:49:18 - [TEST_STEP][PASSED] - Statement - If (!(empty)): null

2018-11-24 11:49:18 - [TEST_STEP][PASSED] - Statement - scenarioData = TestCase.getValue("Modules", getTestCaseData): null

2018-11-24 11:49:18 - [TEST_STEP][PASSED] - Statement - useractionData = TestCase.getValue("UserAction", getTestCaseData): null

2018-11-24 11:49:18 - [TEST_STEP][PASSED] - Statement - If (!(empty)): null

2018-11-24 11:49:18 - [TEST_STEP][PASSED] - Statement - scenarioData = TestCase.getValue("Modules", getTestCaseData): null

2018-11-24 11:49:18 - [TEST_STEP][PASSED] - Statement - useractionData = TestCase.getValue("UserAction", getTestCaseData): null

2018-11-24 11:49:18 - [TEST_STEP][PASSED] - Statement - If (!(empty)): null

2018-11-24 11:49:18 - [TEST_STEP][PASSED] - Statement - scenarioData = TestCase.getValue("Modules", getTestCaseData): null

2018-11-24 11:49:18 - [TEST_STEP][PASSED] - Statement - useractionData = TestCase.getValue("UserAction", getTestCaseData): null

2018-11-24 11:49:18 - [TEST_STEP][PASSED] - Statement - If (!(empty)): null

2018-11-24 11:49:18 - [TEST_STEP][PASSED] - Statement - scenarioData = TestCase.getValue("Modules", getTestCaseData): null

2018-11-24 11:49:18 - [TEST_STEP][PASSED] - Statement - useractionData = TestCase.getValue("UserAction", getTestCaseData): null

2018-11-24 11:49:18 - [TEST_STEP][PASSED] - Statement - If (!(empty)): null

2018-11-24 11:49:18 - [TEST_STEP][PASSED] - Statement - scenarioData = TestCase.getValue("Modules", getTestCaseData): null

2018-11-24 11:49:18 - [TEST_STEP][PASSED] - Statement - useractionData = TestCase.getValue("UserAction", getTestCaseData): null

2018-11-24 11:49:18 - [TEST_STEP][PASSED] - Statement - If (!(empty)): null

2018-11-24 11:49:18 - [TEST_STEP][PASSED] - Statement - scenarioData = TestCase.getValue("Modules", getTestCaseData): null

2018-11-24 11:49:18 - [TEST_STEP][PASSED] - Statement - useractionData = TestCase.getValue("UserAction", getTestCaseData): null

2018-11-24 11:49:18 - [TEST_STEP][PASSED] - Statement - If (!(empty)): null

2018-11-24 11:49:18 - [TEST_STEP][PASSED] - Statement - scenarioData = TestCase.getValue("Modules", getTestCaseData): null

2018-11-24 11:49:18 - [TEST_STEP][PASSED] - Statement - useractionData = TestCase.getValue("UserAction", getTestCaseData): null

2018-11-24 11:49:18 - [TEST_STEP][PASSED] - Statement - If (!(empty)): null

2018-11-24 11:49:18 - [TEST_STEP][PASSED] - Statement - scenarioData = TestCase.getValue("Modules", getTestCaseData): null

2018-11-24 11:49:18 - [TEST_STEP][PASSED] - Statement - useractionData = TestCase.getValue("UserAction", getTestCaseData): null

2018-11-24 11:49:18 - [TEST_STEP][PASSED] - Statement - If (!(empty)): null

2018-11-24 11:49:18 - [TEST_STEP][PASSED] - Statement - scenarioData = TestCase.getValue("Modules", getTestCaseData): null

2018-11-24 11:49:18 - [TEST_STEP][PASSED] - Statement - useractionData = TestCase.getValue("UserAction", getTestCaseData): null

2018-11-24 11:49:18 - [TEST_STEP][PASSED] - Statement - If (!(empty)): null

2018-11-24 11:49:18 - [TEST_STEP][PASSED] - Statement - scenarioData = TestCase.getValue("Modules", getTestCaseData): null

2018-11-24 11:49:18 - [TEST_STEP][PASSED] - Statement - useractionData = TestCase.getValue("UserAction", getTestCaseData): null

2018-11-24 11:49:18 - [TEST_STEP][PASSED] - Statement - If (!(empty)): null

2018-11-24 11:49:18 - [TEST_STEP][PASSED] - Statement - scenarioData = TestCase.getValue("Modules", getTestCaseData): null

2018-11-24 11:49:18 - [TEST_STEP][PASSED] - Statement - useractionData = TestCase.getValue("UserAction", getTestCaseData): null

2018-11-24 11:49:18 - [TEST_STEP][PASSED] - Statement - If (!(empty)): null

2018-11-24 11:49:18 - [TEST_STEP][PASSED] - Statement - scenarioData = TestCase.getValue("Modules", getTestCaseData): null

2018-11-24 11:49:18 - [TEST_STEP][PASSED] - Statement - useractionData = TestCase.getValue("UserAction", getTestCaseData): null

2018-11-24 11:49:18 - [TEST_STEP][PASSED] - Statement - If (!(empty)): null

2018-11-24 11:49:18 - [TEST_STEP][PASSED] - Statement - scenarioData = TestCase.getValue("Modules", getTestCaseData): null

2018-11-24 11:49:18 - [TEST_STEP][PASSED] - Statement - useractionData = TestCase.getValue("UserAction", getTestCaseData): null

2018-11-24 11:49:18 - [TEST_STEP][PASSED] - Statement - If (!(empty)): null

2018-11-24 11:49:18 - [TEST_STEP][PASSED] - Statement - scenarioData = TestCase.getValue("Modules", getTestCaseData): null

2018-11-24 11:49:18 - [TEST_STEP][PASSED] - Statement - useractionData = TestCase.getValue("UserAction", getTestCaseData): null

2018-11-24 11:49:18 - [TEST_STEP][PASSED] - Statement - If (!(empty)): null

2018-11-24 11:49:18 - [TEST_STEP][PASSED] - Statement - scenarioData = TestCase.getValue("Modules", getTestCaseData): null

2018-11-24 11:49:18 - [TEST_STEP][PASSED] - Statement - useractionData = TestCase.getValue("UserAction", getTestCaseData): null

2018-11-24 11:49:18 - [TEST_STEP][PASSED] - Statement - If (!(empty)): null

2018-11-24 11:49:18 - [TEST_STEP][PASSED] - Statement - scenarioData = TestCase.getValue("Modules", getTestCaseData): null

2018-11-24 11:49:18 - [TEST_STEP][PASSED] - Statement - useractionData = TestCase.getValue("UserAction", getTestCaseData): null

2018-11-24 11:49:18 - [TEST_STEP][PASSED] - Statement - If (!(empty)): null

2018-11-24 11:49:18 - [TEST_STEP][PASSED] - Statement - scenarioData = TestCase.getValue("Modules", getTestCaseData): null

2018-11-24 11:49:18 - [TEST_STEP][PASSED] - Statement - useractionData = TestCase.getValue("UserAction", getTestCaseData): null

2018-11-24 11:49:18 - [TEST_STEP][PASSED] - Statement - If (!(empty)): null

2018-11-24 11:49:18 - [TEST_STEP][PASSED] - Statement - hmap.put(getTestCaseData, scenarioData): null

2018-11-24 11:49:18 - [TEST_STEP][PASSED] - Statement - hmapuserAction.put(getTestCaseData, useractionData): null

2018-11-24 11:49:18 - [TEST_STEP][PASSED] - Statement - scenarioData = TestCase.getValue("Modules", getTestCaseData): null

2018-11-24 11:49:18 - [TEST_STEP][PASSED] - Statement - useractionData = TestCase.getValue("UserAction", getTestCaseData): null

2018-11-24 11:49:18 - [TEST_STEP][PASSED] - Statement - If (!(empty)): null

2018-11-24 11:49:18 - [TEST_STEP][PASSED] - Statement - scenarioData = TestCase.getValue("Modules", getTestCaseData): null

2018-11-24 11:49:18 - [TEST_STEP][PASSED] - Statement - useractionData = TestCase.getValue("UserAction", getTestCaseData): null

2018-11-24 11:49:18 - [TEST_STEP][PASSED] - Statement - If (!(empty)): null

2018-11-24 11:49:18 - [TEST_STEP][PASSED] - Statement - scenarioData = TestCase.getValue("Modules", getTestCaseData): null

2018-11-24 11:49:18 - [TEST_STEP][PASSED] - Statement - useractionData = TestCase.getValue("UserAction", getTestCaseData): null

2018-11-24 11:49:18 - [TEST_STEP][PASSED] - Statement - If (!(empty)): null

2018-11-24 11:49:18 - [TEST_STEP][PASSED] - Statement - scenarioData = TestCase.getValue("Modules", getTestCaseData): null

2018-11-24 11:49:18 - [TEST_STEP][PASSED] - Statement - useractionData = TestCase.getValue("UserAction", getTestCaseData): null

2018-11-24 11:49:18 - [TEST_STEP][PASSED] - Statement - If (!(empty)): null

2018-11-24 11:49:18 - [TEST_STEP][PASSED] - Statement - scenarioData = TestCase.getValue("Modules", getTestCaseData): null

2018-11-24 11:49:18 - [TEST_STEP][PASSED] - Statement - useractionData = TestCase.getValue("UserAction", getTestCaseData): null

2018-11-24 11:49:18 - [TEST_STEP][PASSED] - Statement - If (!(empty)): null

2018-11-24 11:49:18 - [TEST_STEP][PASSED] - Statement - scenarioData = TestCase.getValue("Modules", getTestCaseData): null

2018-11-24 11:49:18 - [TEST_STEP][PASSED] - Statement - useractionData = TestCase.getValue("UserAction", getTestCaseData): null

2018-11-24 11:49:18 - [TEST_STEP][PASSED] - Statement - If (!(empty)): null

2018-11-24 11:49:18 - [TEST_STEP][PASSED] - Statement - scenarioData = TestCase.getValue("Modules", getTestCaseData): null

2018-11-24 11:49:18 - [TEST_STEP][PASSED] - Statement - useractionData = TestCase.getValue("UserAction", getTestCaseData): null

2018-11-24 11:49:18 - [TEST_STEP][PASSED] - Statement - If (!(empty)): null

2018-11-24 11:49:18 - [TEST_STEP][PASSED] - Statement - scenarioData = TestCase.getValue("Modules", getTestCaseData): null

2018-11-24 11:49:18 - [TEST_STEP][PASSED] - Statement - useractionData = TestCase.getValue("UserAction", getTestCaseData): null

2018-11-24 11:49:18 - [TEST_STEP][PASSED] - Statement - If (!(empty)): null

2018-11-24 11:49:18 - [TEST_STEP][PASSED] - Statement - scenarioData = TestCase.getValue("Modules", getTestCaseData): null

2018-11-24 11:49:18 - [TEST_STEP][PASSED] - Statement - useractionData = TestCase.getValue("UserAction", getTestCaseData): null

2018-11-24 11:49:18 - [TEST_STEP][PASSED] - Statement - If (!(empty)): null

2018-11-24 11:49:18 - [TEST_STEP][PASSED] - Statement - scenarioData = TestCase.getValue("Modules", getTestCaseData): null

2018-11-24 11:49:18 - [TEST_STEP][PASSED] - Statement - useractionData = TestCase.getValue("UserAction", getTestCaseData): null

2018-11-24 11:49:18 - [TEST_STEP][PASSED] - Statement - If (!(empty)): null

2018-11-24 11:49:18 - [TEST_STEP][PASSED] - Statement - scenarioData = TestCase.getValue("Modules", getTestCaseData): null

2018-11-24 11:49:18 - [TEST_STEP][PASSED] - Statement - useractionData = TestCase.getValue("UserAction", getTestCaseData): null

2018-11-24 11:49:18 - [TEST_STEP][PASSED] - Statement - If (!(empty)): null

2018-11-24 11:49:18 - [TEST_STEP][PASSED] - Statement - scenarioData = TestCase.getValue("Modules", getTestCaseData): null

2018-11-24 11:49:18 - [TEST_STEP][PASSED] - Statement - useractionData = TestCase.getValue("UserAction", getTestCaseData): null

2018-11-24 11:49:18 - [TEST_STEP][PASSED] - Statement - If (!(empty)): null

2018-11-24 11:49:18 - [TEST_STEP][PASSED] - Statement - scenarioData = TestCase.getValue("Modules", getTestCaseData): null

2018-11-24 11:49:18 - [TEST_STEP][PASSED] - Statement - useractionData = TestCase.getValue("UserAction", getTestCaseData): null

2018-11-24 11:49:18 - [TEST_STEP][PASSED] - Statement - If (!(empty)): null

2018-11-24 11:49:18 - [TEST_STEP][PASSED] - Statement - scenarioData = TestCase.getValue("Modules", getTestCaseData): null

2018-11-24 11:49:18 - [TEST_STEP][PASSED] - Statement - useractionData = TestCase.getValue("UserAction", getTestCaseData): null

2018-11-24 11:49:18 - [TEST_STEP][PASSED] - Statement - If (!(empty)): null

2018-11-24 11:49:18 - [TEST_STEP][PASSED] - Statement - scenarioData = TestCase.getValue("Modules", getTestCaseData): null

2018-11-24 11:49:18 - [TEST_STEP][PASSED] - Statement - useractionData = TestCase.getValue("UserAction", getTestCaseData): null

2018-11-24 11:49:18 - [TEST_STEP][PASSED] - Statement - If (!(empty)): null

2018-11-24 11:49:18 - [TEST_STEP][PASSED] - Statement - scenarioData = TestCase.getValue("Modules", getTestCaseData): null

2018-11-24 11:49:18 - [TEST_STEP][PASSED] - Statement - useractionData = TestCase.getValue("UserAction", getTestCaseData): null

2018-11-24 11:49:18 - [TEST_STEP][PASSED] - Statement - If (!(empty)): null

2018-11-24 11:49:18 - [TEST_STEP][PASSED] - Statement - scenarioData = TestCase.getValue("Modules", getTestCaseData): null

2018-11-24 11:49:18 - [TEST_STEP][PASSED] - Statement - useractionData = TestCase.getValue("UserAction", getTestCaseData): null

2018-11-24 11:49:18 - [TEST_STEP][PASSED] - Statement - If (!(empty)): null

2018-11-24 11:49:18 - [TEST_STEP][PASSED] - Statement - scenarioData = TestCase.getValue("Modules", getTestCaseData): null

2018-11-24 11:49:18 - [TEST_STEP][PASSED] - Statement - useractionData = TestCase.getValue("UserAction", getTestCaseData): null

2018-11-24 11:49:18 - [TEST_STEP][PASSED] - Statement - If (!(empty)): null

2018-11-24 11:49:18 - [TEST_STEP][PASSED] - Statement - scenarioData = TestCase.getValue("Modules", getTestCaseData): null

2018-11-24 11:49:18 - [TEST_STEP][PASSED] - Statement - useractionData = TestCase.getValue("UserAction", getTestCaseData): null

2018-11-24 11:49:18 - [TEST_STEP][PASSED] - Statement - If (!(empty)): null

2018-11-24 11:49:18 - [TEST_STEP][PASSED] - Statement - scenarioData = TestCase.getValue("Modules", getTestCaseData): null

2018-11-24 11:49:18 - [TEST_STEP][PASSED] - Statement - useractionData = TestCase.getValue("UserAction", getTestCaseData): null

2018-11-24 11:49:18 - [TEST_STEP][PASSED] - Statement - If (!(empty)): null

2018-11-24 11:49:18 - [TEST_STEP][PASSED] - Statement - scenarioData = TestCase.getValue("Modules", getTestCaseData): null

2018-11-24 11:49:18 - [TEST_STEP][PASSED] - Statement - useractionData = TestCase.getValue("UserAction", getTestCaseData): null

2018-11-24 11:49:18 - [TEST_STEP][PASSED] - Statement - If (!(empty)): null

2018-11-24 11:49:18 - [TEST_STEP][PASSED] - Statement - scenarioData = TestCase.getValue("Modules", getTestCaseData): null

2018-11-24 11:49:18 - [TEST_STEP][PASSED] - Statement - useractionData = TestCase.getValue("UserAction", getTestCaseData): null

2018-11-24 11:49:18 - [TEST_STEP][PASSED] - Statement - If (!(empty)): null

2018-11-24 11:49:18 - [TEST_STEP][PASSED] - Statement - scenarioData = TestCase.getValue("Modules", getTestCaseData): null

2018-11-24 11:49:18 - [TEST_STEP][PASSED] - Statement - useractionData = TestCase.getValue("UserAction", getTestCaseData): null

2018-11-24 11:49:18 - [TEST_STEP][PASSED] - Statement - If (!(empty)): null

2018-11-24 11:49:18 - [TEST_STEP][PASSED] - Statement - scenarioData = TestCase.getValue("Modules", getTestCaseData): null

2018-11-24 11:49:18 - [TEST_STEP][PASSED] - Statement - useractionData = TestCase.getValue("UserAction", getTestCaseData): null

2018-11-24 11:49:18 - [TEST_STEP][PASSED] - Statement - If (!(empty)): null

2018-11-24 11:49:18 - [TEST_STEP][PASSED] - Statement - scenarioData = TestCase.getValue("Modules", getTestCaseData): null

2018-11-24 11:49:18 - [TEST_STEP][PASSED] - Statement - useractionData = TestCase.getValue("UserAction", getTestCaseData): null

2018-11-24 11:49:18 - [TEST_STEP][PASSED] - Statement - If (!(empty)): null

2018-11-24 11:49:18 - [TEST_STEP][PASSED] - Statement - scenarioData = TestCase.getValue("Modules", getTestCaseData): null

2018-11-24 11:49:18 - [TEST_STEP][PASSED] - Statement - useractionData = TestCase.getValue("UserAction", getTestCaseData): null

2018-11-24 11:49:18 - [TEST_STEP][PASSED] - Statement - If (!(empty)): null

2018-11-24 11:49:18 - [TEST_STEP][PASSED] - Statement - scenarioData = TestCase.getValue("Modules", getTestCaseData): null

2018-11-24 11:49:18 - [TEST_STEP][PASSED] - Statement - useractionData = TestCase.getValue("UserAction", getTestCaseData): null

2018-11-24 11:49:18 - [TEST_STEP][PASSED] - Statement - If (!(empty)): null

2018-11-24 11:49:18 - [TEST_STEP][PASSED] - Statement - scenarioData = TestCase.getValue("Modules", getTestCaseData): null

2018-11-24 11:49:18 - [TEST_STEP][PASSED] - Statement - useractionData = TestCase.getValue("UserAction", getTestCaseData): null

2018-11-24 11:49:18 - [TEST_STEP][PASSED] - Statement - If (!(empty)): null

2018-11-24 11:49:18 - [TEST_STEP][PASSED] - Statement - scenarioData = TestCase.getValue("Modules", getTestCaseData): null

2018-11-24 11:49:18 - [TEST_STEP][PASSED] - Statement - useractionData = TestCase.getValue("UserAction", getTestCaseData): null

2018-11-24 11:49:18 - [TEST_STEP][PASSED] - Statement - If (!(empty)): null

2018-11-24 11:49:18 - [TEST_STEP][PASSED] - Statement - scenarioData = TestCase.getValue("Modules", getTestCaseData): null

2018-11-24 11:49:18 - [TEST_STEP][PASSED] - Statement - useractionData = TestCase.getValue("UserAction", getTestCaseData): null

2018-11-24 11:49:18 - [TEST_STEP][PASSED] - Statement - If (!(empty)): null

2018-11-24 11:49:18 - [TEST_STEP][PASSED] - Statement - scenarioData = TestCase.getValue("Modules", getTestCaseData): null

2018-11-24 11:49:18 - [TEST_STEP][PASSED] - Statement - useractionData = TestCase.getValue("UserAction", getTestCaseData): null

2018-11-24 11:49:18 - [TEST_STEP][PASSED] - Statement - If (!(empty)): null

2018-11-24 11:49:18 - [TEST_STEP][PASSED] - Statement - scenarioData = TestCase.getValue("Modules", getTestCaseData): null

2018-11-24 11:49:18 - [TEST_STEP][PASSED] - Statement - useractionData = TestCase.getValue("UserAction", getTestCaseData): null

2018-11-24 11:49:18 - [TEST_STEP][PASSED] - Statement - If (!(empty)): null

2018-11-24 11:49:18 - [TEST_STEP][PASSED] - Statement - scenarioData = TestCase.getValue("Modules", getTestCaseData): null

2018-11-24 11:49:18 - [TEST_STEP][PASSED] - Statement - useractionData = TestCase.getValue("UserAction", getTestCaseData): null

2018-11-24 11:49:18 - [TEST_STEP][PASSED] - Statement - If (!(empty)): null

2018-11-24 11:49:18 - [TEST_STEP][PASSED] - Statement - scenarioData = TestCase.getValue("Modules", getTestCaseData): null

2018-11-24 11:49:18 - [TEST_STEP][PASSED] - Statement - useractionData = TestCase.getValue("UserAction", getTestCaseData): null

2018-11-24 11:49:18 - [TEST_STEP][PASSED] - Statement - If (!(empty)): null

2018-11-24 11:49:18 - [TEST_STEP][PASSED] - Statement - scenarioData = TestCase.getValue("Modules", getTestCaseData): null

2018-11-24 11:49:18 - [TEST_STEP][PASSED] - Statement - useractionData = TestCase.getValue("UserAction", getTestCaseData): null

2018-11-24 11:49:18 - [TEST_STEP][PASSED] - Statement - If (!(empty)): null

2018-11-24 11:49:18 - [TEST_STEP][PASSED] - Statement - scenarioData = TestCase.getValue("Modules", getTestCaseData): null

2018-11-24 11:49:18 - [TEST_STEP][PASSED] - Statement - useractionData = TestCase.getValue("UserAction", getTestCaseData): null

2018-11-24 11:49:18 - [TEST_STEP][PASSED] - Statement - If (!(empty)): null

2018-11-24 11:49:18 - [TEST_STEP][PASSED] - Statement - hmap.put(getTestCaseData, scenarioData): null

2018-11-24 11:49:18 - [TEST_STEP][PASSED] - Statement - hmapuserAction.put(getTestCaseData, useractionData): null

2018-11-24 11:49:18 - [TEST_STEP][PASSED] - Statement - scenarioData = TestCase.getValue("Modules", getTestCaseData): null

2018-11-24 11:49:18 - [TEST_STEP][PASSED] - Statement - useractionData = TestCase.getValue("UserAction", getTestCaseData): null

2018-11-24 11:49:18 - [TEST_STEP][PASSED] - Statement - If (!(empty)): null

2018-11-24 11:49:18 - [TEST_STEP][PASSED] - Statement - scenarioData = TestCase.getValue("Modules", getTestCaseData): null

2018-11-24 11:49:18 - [TEST_STEP][PASSED] - Statement - useractionData = TestCase.getValue("UserAction", getTestCaseData): null

2018-11-24 11:49:18 - [TEST_STEP][PASSED] - Statement - If (!(empty)): null

2018-11-24 11:49:18 - [TEST_STEP][PASSED] - Statement - scenarioData = TestCase.getValue("Modules", getTestCaseData): null

2018-11-24 11:49:18 - [TEST_STEP][PASSED] - Statement - useractionData = TestCase.getValue("UserAction", getTestCaseData): null

2018-11-24 11:49:18 - [TEST_STEP][PASSED] - Statement - If (!(empty)): null

2018-11-24 11:49:18 - [TEST_STEP][PASSED] - Statement - scenarioData = TestCase.getValue("Modules", getTestCaseData): null

2018-11-24 11:49:18 - [TEST_STEP][PASSED] - Statement - useractionData = TestCase.getValue("UserAction", getTestCaseData): null

2018-11-24 11:49:18 - [TEST_STEP][PASSED] - Statement - If (!(empty)): null

2018-11-24 11:49:18 - [TEST_STEP][PASSED] - Statement - scenarioData = TestCase.getValue("Modules", getTestCaseData): null

2018-11-24 11:49:18 - [TEST_STEP][PASSED] - Statement - useractionData = TestCase.getValue("UserAction", getTestCaseData): null

2018-11-24 11:49:18 - [TEST_STEP][PASSED] - Statement - If (!(empty)): null

2018-11-24 11:49:18 - [TEST_STEP][PASSED] - Statement - scenarioData = TestCase.getValue("Modules", getTestCaseData): null

2018-11-24 11:49:18 - [TEST_STEP][PASSED] - Statement - useractionData = TestCase.getValue("UserAction", getTestCaseData): null

2018-11-24 11:49:18 - [TEST_STEP][PASSED] - Statement - If (!(empty)): null

2018-11-24 11:49:18 - [TEST_STEP][PASSED] - Statement - scenarioData = TestCase.getValue("Modules", getTestCaseData): null

2018-11-24 11:49:18 - [TEST_STEP][PASSED] - Statement - useractionData = TestCase.getValue("UserAction", getTestCaseData): null

2018-11-24 11:49:18 - [TEST_STEP][PASSED] - Statement - If (!(empty)): null

2018-11-24 11:49:18 - [TEST_STEP][PASSED] - Statement - scenarioData = TestCase.getValue("Modules", getTestCaseData): null

2018-11-24 11:49:18 - [TEST_STEP][PASSED] - Statement - useractionData = TestCase.getValue("UserAction", getTestCaseData): null

2018-11-24 11:49:18 - [TEST_STEP][PASSED] - Statement - If (!(empty)): null

2018-11-24 11:49:18 - [TEST_STEP][PASSED] - Statement - scenarioData = TestCase.getValue("Modules", getTestCaseData): null

2018-11-24 11:49:18 - [TEST_STEP][PASSED] - Statement - useractionData = TestCase.getValue("UserAction", getTestCaseData): null

2018-11-24 11:49:18 - [TEST_STEP][PASSED] - Statement - If (!(empty)): null

2018-11-24 11:49:18 - [TEST_STEP][PASSED] - Statement - scenarioData = TestCase.getValue("Modules", getTestCaseData): null

2018-11-24 11:49:18 - [TEST_STEP][PASSED] - Statement - useractionData = TestCase.getValue("UserAction", getTestCaseData): null

2018-11-24 11:49:18 - [TEST_STEP][PASSED] - Statement - If (!(empty)): null

2018-11-24 11:49:18 - [TEST_STEP][PASSED] - Statement - scenarioData = TestCase.getValue("Modules", getTestCaseData): null

2018-11-24 11:49:18 - [TEST_STEP][PASSED] - Statement - useractionData = TestCase.getValue("UserAction", getTestCaseData): null

2018-11-24 11:49:18 - [TEST_STEP][PASSED] - Statement - If (!(empty)): null

2018-11-24 11:49:18 - [TEST_STEP][PASSED] - Statement - scenarioData = TestCase.getValue("Modules", getTestCaseData): null

2018-11-24 11:49:18 - [TEST_STEP][PASSED] - Statement - useractionData = TestCase.getValue("UserAction", getTestCaseData): null

2018-11-24 11:49:18 - [TEST_STEP][PASSED] - Statement - If (!(empty)): null

2018-11-24 11:49:18 - [TEST_STEP][PASSED] - Statement - scenarioData = TestCase.getValue("Modules", getTestCaseData): null

2018-11-24 11:49:18 - [TEST_STEP][PASSED] - Statement - useractionData = TestCase.getValue("UserAction", getTestCaseData): null

2018-11-24 11:49:18 - [TEST_STEP][PASSED] - Statement - If (!(empty)): null

2018-11-24 11:49:18 - [TEST_STEP][PASSED] - Statement - scenarioData = TestCase.getValue("Modules", getTestCaseData): null

2018-11-24 11:49:18 - [TEST_STEP][PASSED] - Statement - useractionData = TestCase.getValue("UserAction", getTestCaseData): null

2018-11-24 11:49:18 - [TEST_STEP][PASSED] - Statement - If (!(empty)): null

2018-11-24 11:49:18 - [TEST_STEP][PASSED] - Statement - scenarioData = TestCase.getValue("Modules", getTestCaseData): null

2018-11-24 11:49:18 - [TEST_STEP][PASSED] - Statement - useractionData = TestCase.getValue("UserAction", getTestCaseData): null

2018-11-24 11:49:18 - [TEST_STEP][PASSED] - Statement - If (!(empty)): null

2018-11-24 11:49:18 - [TEST_STEP][PASSED] - Statement - scenarioData = TestCase.getValue("Modules", getTestCaseData): null

2018-11-24 11:49:18 - [TEST_STEP][PASSED] - Statement - useractionData = TestCase.getValue("UserAction", getTestCaseData): null

2018-11-24 11:49:18 - [TEST_STEP][PASSED] - Statement - If (!(empty)): null

2018-11-24 11:49:19 - [TEST_STEP][PASSED] - Statement - scenarioData = TestCase.getValue("Modules", getTestCaseData): null

2018-11-24 11:49:19 - [TEST_STEP][PASSED] - Statement - useractionData = TestCase.getValue("UserAction", getTestCaseData): null

2018-11-24 11:49:19 - [TEST_STEP][PASSED] - Statement - If (!(empty)): null

2018-11-24 11:49:19 - [TEST_STEP][PASSED] - Statement - scenarioData = TestCase.getValue("Modules", getTestCaseData): null

2018-11-24 11:49:19 - [TEST_STEP][PASSED] - Statement - useractionData = TestCase.getValue("UserAction", getTestCaseData): null

2018-11-24 11:49:19 - [TEST_STEP][PASSED] - Statement - If (!(empty)): null

2018-11-24 11:49:19 - [TEST_STEP][PASSED] - Statement - scenarioData = TestCase.getValue("Modules", getTestCaseData): null

2018-11-24 11:49:19 - [TEST_STEP][PASSED] - Statement - useractionData = TestCase.getValue("UserAction", getTestCaseData): null

2018-11-24 11:49:19 - [TEST_STEP][PASSED] - Statement - If (!(empty)): null

2018-11-24 11:49:19 - [TEST_STEP][PASSED] - Statement - scenarioData = TestCase.getValue("Modules", getTestCaseData): null

2018-11-24 11:49:19 - [TEST_STEP][PASSED] - Statement - useractionData = TestCase.getValue("UserAction", getTestCaseData): null

2018-11-24 11:49:19 - [TEST_STEP][PASSED] - Statement - If (!(empty)): null

2018-11-24 11:49:19 - [TEST_STEP][PASSED] - Statement - scenarioData = TestCase.getValue("Modules", getTestCaseData): null

2018-11-24 11:49:19 - [TEST_STEP][PASSED] - Statement - useractionData = TestCase.getValue("UserAction", getTestCaseData): null

2018-11-24 11:49:19 - [TEST_STEP][PASSED] - Statement - If (!(empty)): null

2018-11-24 11:49:19 - [TEST_STEP][PASSED] - Statement - scenarioData = TestCase.getValue("Modules", getTestCaseData): null

2018-11-24 11:49:19 - [TEST_STEP][PASSED] - Statement - useractionData = TestCase.getValue("UserAction", getTestCaseData): null

2018-11-24 11:49:19 - [TEST_STEP][PASSED] - Statement - If (!(empty)): null

2018-11-24 11:49:19 - [TEST_STEP][PASSED] - Statement - scenarioData = TestCase.getValue("Modules", getTestCaseData): null

2018-11-24 11:49:19 - [TEST_STEP][PASSED] - Statement - useractionData = TestCase.getValue("UserAction", getTestCaseData): null

2018-11-24 11:49:19 - [TEST_STEP][PASSED] - Statement - If (!(empty)): null

2018-11-24 11:49:19 - [TEST_STEP][PASSED] - Statement - scenarioData = TestCase.getValue("Modules", getTestCaseData): null

2018-11-24 11:49:19 - [TEST_STEP][PASSED] - Statement - useractionData = TestCase.getValue("UserAction", getTestCaseData): null

2018-11-24 11:49:19 - [TEST_STEP][PASSED] - Statement - If (!(empty)): null

2018-11-24 11:49:19 - [TEST_STEP][PASSED] - Statement - scenarioData = TestCase.getValue("Modules", getTestCaseData): null

2018-11-24 11:49:19 - [TEST_STEP][PASSED] - Statement - useractionData = TestCase.getValue("UserAction", getTestCaseData): null

2018-11-24 11:49:19 - [TEST_STEP][PASSED] - Statement - If (!(empty)): null

2018-11-24 11:49:19 - [TEST_STEP][PASSED] - Statement - scenarioData = TestCase.getValue("Modules", getTestCaseData): null

2018-11-24 11:49:19 - [TEST_STEP][PASSED] - Statement - useractionData = TestCase.getValue("UserAction", getTestCaseData): null

2018-11-24 11:49:19 - [TEST_STEP][PASSED] - Statement - If (!(empty)): null

2018-11-24 11:49:19 - [TEST_STEP][PASSED] - Statement - scenarioData = TestCase.getValue("Modules", getTestCaseData): null

2018-11-24 11:49:19 - [TEST_STEP][PASSED] - Statement - useractionData = TestCase.getValue("UserAction", getTestCaseData): null

2018-11-24 11:49:19 - [TEST_STEP][PASSED] - Statement - If (!(empty)): null

2018-11-24 11:49:19 - [TEST_STEP][PASSED] - Statement - scenarioData = TestCase.getValue("Modules", getTestCaseData): null

2018-11-24 11:49:19 - [TEST_STEP][PASSED] - Statement - useractionData = TestCase.getValue("UserAction", getTestCaseData): null

2018-11-24 11:49:19 - [TEST_STEP][PASSED] - Statement - If (!(empty)): null

2018-11-24 11:49:19 - [TEST_STEP][PASSED] - Statement - scenarioData = TestCase.getValue("Modules", getTestCaseData): null

2018-11-24 11:49:19 - [TEST_STEP][PASSED] - Statement - useractionData = TestCase.getValue("UserAction", getTestCaseData): null

2018-11-24 11:49:19 - [TEST_STEP][PASSED] - Statement - If (!(empty)): null

2018-11-24 11:49:19 - [TEST_STEP][PASSED] - Statement - scenarioData = TestCase.getValue("Modules", getTestCaseData): null

2018-11-24 11:49:19 - [TEST_STEP][PASSED] - Statement - useractionData = TestCase.getValue("UserAction", getTestCaseData): null

2018-11-24 11:49:19 - [TEST_STEP][PASSED] - Statement - If (!(empty)): null

2018-11-24 11:49:19 - [TEST_STEP][PASSED] - Statement - scenarioData = TestCase.getValue("Modules", getTestCaseData): null

2018-11-24 11:49:19 - [TEST_STEP][PASSED] - Statement - useractionData = TestCase.getValue("UserAction", getTestCaseData): null

2018-11-24 11:49:19 - [TEST_STEP][PASSED] - Statement - If (!(empty)): null

2018-11-24 11:49:19 - [TEST_STEP][PASSED] - Statement - scenarioData = TestCase.getValue("Modules", getTestCaseData): null

2018-11-24 11:49:19 - [TEST_STEP][PASSED] - Statement - useractionData = TestCase.getValue("UserAction", getTestCaseData): null

2018-11-24 11:49:19 - [TEST_STEP][PASSED] - Statement - If (!(empty)): null

2018-11-24 11:49:19 - [TEST_STEP][PASSED] - Statement - scenarioData = TestCase.getValue("Modules", getTestCaseData): null

2018-11-24 11:49:19 - [TEST_STEP][PASSED] - Statement - useractionData = TestCase.getValue("UserAction", getTestCaseData): null

2018-11-24 11:49:19 - [TEST_STEP][PASSED] - Statement - If (!(empty)): null

2018-11-24 11:49:19 - [TEST_STEP][PASSED] - Statement - scenarioData = TestCase.getValue("Modules", getTestCaseData): null

2018-11-24 11:49:19 - [TEST_STEP][PASSED] - Statement - useractionData = TestCase.getValue("UserAction", getTestCaseData): null

2018-11-24 11:49:19 - [TEST_STEP][PASSED] - Statement - If (!(empty)): null

2018-11-24 11:49:19 - [TEST_STEP][PASSED] - Statement - scenarioData = TestCase.getValue("Modules", getTestCaseData): null

2018-11-24 11:49:19 - [TEST_STEP][PASSED] - Statement - useractionData = TestCase.getValue("UserAction", getTestCaseData): null

2018-11-24 11:49:19 - [TEST_STEP][PASSED] - Statement - If (!(empty)): null

2018-11-24 11:49:19 - [TEST_STEP][PASSED] - Statement - scenarioData = TestCase.getValue("Modules", getTestCaseData): null

2018-11-24 11:49:19 - [TEST_STEP][PASSED] - Statement - useractionData = TestCase.getValue("UserAction", getTestCaseData): null

2018-11-24 11:49:19 - [TEST_STEP][PASSED] - Statement - If (!(empty)): null

2018-11-24 11:49:19 - [TEST_STEP][PASSED] - Statement - scenarioData = TestCase.getValue("Modules", getTestCaseData): null

2018-11-24 11:49:19 - [TEST_STEP][PASSED] - Statement - useractionData = TestCase.getValue("UserAction", getTestCaseData): null

2018-11-24 11:49:19 - [TEST_STEP][PASSED] - Statement - If (!(empty)): null

2018-11-24 11:49:19 - [TEST_STEP][PASSED] - Statement - scenarioData = TestCase.getValue("Modules", getTestCaseData): null

2018-11-24 11:49:19 - [TEST_STEP][PASSED] - Statement - useractionData = TestCase.getValue("UserAction", getTestCaseData): null

2018-11-24 11:49:19 - [TEST_STEP][PASSED] - Statement - If (!(empty)): null

2018-11-24 11:49:19 - [TEST_STEP][PASSED] - Statement - hmap.put(getTestCaseData, scenarioData): null

2018-11-24 11:49:19 - [TEST_STEP][PASSED] - Statement - hmapuserAction.put(getTestCaseData, useractionData): null

2018-11-24 11:49:19 - [TEST_STEP][PASSED] - Statement - scenarioData = TestCase.getValue("Modules", getTestCaseData): null

2018-11-24 11:49:19 - [TEST_STEP][PASSED] - Statement - useractionData = TestCase.getValue("UserAction", getTestCaseData): null

2018-11-24 11:49:19 - [TEST_STEP][PASSED] - Statement - If (!(empty)): null

2018-11-24 11:49:19 - [TEST_STEP][PASSED] - Statement - scenarioData = TestCase.getValue("Modules", getTestCaseData): null

2018-11-24 11:49:19 - [TEST_STEP][PASSED] - Statement - useractionData = TestCase.getValue("UserAction", getTestCaseData): null

2018-11-24 11:49:19 - [TEST_STEP][PASSED] - Statement - If (!(empty)): null

2018-11-24 11:49:19 - [TEST_STEP][PASSED] - Statement - scenarioData = TestCase.getValue("Modules", getTestCaseData): null

2018-11-24 11:49:19 - [TEST_STEP][PASSED] - Statement - useractionData = TestCase.getValue("UserAction", getTestCaseData): null

2018-11-24 11:49:19 - [TEST_STEP][PASSED] - Statement - If (!(empty)): null

2018-11-24 11:49:19 - [TEST_STEP][PASSED] - Statement - scenarioData = TestCase.getValue("Modules", getTestCaseData): null

2018-11-24 11:49:19 - [TEST_STEP][PASSED] - Statement - useractionData = TestCase.getValue("UserAction", getTestCaseData): null

2018-11-24 11:49:19 - [TEST_STEP][PASSED] - Statement - If (!(empty)): null

2018-11-24 11:49:19 - [TEST_STEP][PASSED] - Statement - scenarioData = TestCase.getValue("Modules", getTestCaseData): null

2018-11-24 11:49:19 - [TEST_STEP][PASSED] - Statement - useractionData = TestCase.getValue("UserAction", getTestCaseData): null

2018-11-24 11:49:19 - [TEST_STEP][PASSED] - Statement - If (!(empty)): null

2018-11-24 11:49:19 - [TEST_STEP][PASSED] - Statement - scenarioData = TestCase.getValue("Modules", getTestCaseData): null

2018-11-24 11:49:19 - [TEST_STEP][PASSED] - Statement - useractionData = TestCase.getValue("UserAction", getTestCaseData): null

2018-11-24 11:49:19 - [TEST_STEP][PASSED] - Statement - If (!(empty)): null

2018-11-24 11:49:19 - [TEST_STEP][PASSED] - Statement - scenarioData = TestCase.getValue("Modules", getTestCaseData): null

2018-11-24 11:49:19 - [TEST_STEP][PASSED] - Statement - useractionData = TestCase.getValue("UserAction", getTestCaseData): null

2018-11-24 11:49:19 - [TEST_STEP][PASSED] - Statement - If (!(empty)): null

2018-11-24 11:49:19 - [TEST_STEP][PASSED] - Statement - scenarioData = TestCase.getValue("Modules", getTestCaseData): null

2018-11-24 11:49:19 - [TEST_STEP][PASSED] - Statement - useractionData = TestCase.getValue("UserAction", getTestCaseData): null

2018-11-24 11:49:19 - [TEST_STEP][PASSED] - Statement - If (!(empty)): null

2018-11-24 11:49:19 - [TEST_STEP][PASSED] - Statement - scenarioData = TestCase.getValue("Modules", getTestCaseData): null

2018-11-24 11:49:19 - [TEST_STEP][PASSED] - Statement - useractionData = TestCase.getValue("UserAction", getTestCaseData): null

2018-11-24 11:49:19 - [TEST_STEP][PASSED] - Statement - If (!(empty)): null

2018-11-24 11:49:19 - [TEST_STEP][PASSED] - Statement - scenarioData = TestCase.getValue("Modules", getTestCaseData): null

2018-11-24 11:49:19 - [TEST_STEP][PASSED] - Statement - useractionData = TestCase.getValue("UserAction", getTestCaseData): null

2018-11-24 11:49:19 - [TEST_STEP][PASSED] - Statement - If (!(empty)): null

2018-11-24 11:49:19 - [TEST_STEP][PASSED] - Statement - scenarioData = TestCase.getValue("Modules", getTestCaseData): null

2018-11-24 11:49:19 - [TEST_STEP][PASSED] - Statement - useractionData = TestCase.getValue("UserAction", getTestCaseData): null

2018-11-24 11:49:19 - [TEST_STEP][PASSED] - Statement - If (!(empty)): null

2018-11-24 11:49:19 - [TEST_STEP][PASSED] - Statement - scenarioData = TestCase.getValue("Modules", getTestCaseData): null

2018-11-24 11:49:19 - [TEST_STEP][PASSED] - Statement - useractionData = TestCase.getValue("UserAction", getTestCaseData): null

2018-11-24 11:49:19 - [TEST_STEP][PASSED] - Statement - If (!(empty)): null

2018-11-24 11:49:19 - [TEST_STEP][PASSED] - Statement - scenarioData = TestCase.getValue("Modules", getTestCaseData): null

2018-11-24 11:49:19 - [TEST_STEP][PASSED] - Statement - useractionData = TestCase.getValue("UserAction", getTestCaseData): null

2018-11-24 11:49:19 - [TEST_STEP][PASSED] - Statement - If (!(empty)): null

2018-11-24 11:49:19 - [TEST_STEP][PASSED] - Statement - scenarioData = TestCase.getValue("Modules", getTestCaseData): null

2018-11-24 11:49:19 - [TEST_STEP][PASSED] - Statement - useractionData = TestCase.getValue("UserAction", getTestCaseData): null

2018-11-24 11:49:19 - [TEST_STEP][PASSED] - Statement - If (!(empty)): null

2018-11-24 11:49:19 - [TEST_STEP][PASSED] - Statement - scenarioData = TestCase.getValue("Modules", getTestCaseData): null

2018-11-24 11:49:19 - [TEST_STEP][PASSED] - Statement - useractionData = TestCase.getValue("UserAction", getTestCaseData): null

2018-11-24 11:49:19 - [TEST_STEP][PASSED] - Statement - If (!(empty)): null

2018-11-24 11:49:19 - [TEST_STEP][PASSED] - Statement - scenarioData = TestCase.getValue("Modules", getTestCaseData): null

2018-11-24 11:49:19 - [TEST_STEP][PASSED] - Statement - useractionData = TestCase.getValue("UserAction", getTestCaseData): null

2018-11-24 11:49:19 - [TEST_STEP][PASSED] - Statement - If (!(empty)): null

2018-11-24 11:49:19 - [TEST_STEP][PASSED] - Statement - hmap.put(getTestCaseData, scenarioData): null

2018-11-24 11:49:19 - [TEST_STEP][PASSED] - Statement - hmapuserAction.put(getTestCaseData, useractionData): null

2018-11-24 11:49:19 - [TEST_STEP][PASSED] - Statement - scenarioData = TestCase.getValue("Modules", getTestCaseData): null

2018-11-24 11:49:19 - [TEST_STEP][PASSED] - Statement - useractionData = TestCase.getValue("UserAction", getTestCaseData): null

2018-11-24 11:49:19 - [TEST_STEP][PASSED] - Statement - If (!(empty)): null

2018-11-24 11:49:19 - [TEST_STEP][PASSED] - Statement - scenarioData = TestCase.getValue("Modules", getTestCaseData): null

2018-11-24 11:49:19 - [TEST_STEP][PASSED] - Statement - useractionData = TestCase.getValue("UserAction", getTestCaseData): null

2018-11-24 11:49:19 - [TEST_STEP][PASSED] - Statement - If (!(empty)): null

2018-11-24 11:49:19 - [TEST_STEP][PASSED] - Statement - scenarioData = TestCase.getValue("Modules", getTestCaseData): null

2018-11-24 11:49:19 - [TEST_STEP][PASSED] - Statement - useractionData = TestCase.getValue("UserAction", getTestCaseData): null

2018-11-24 11:49:19 - [TEST_STEP][PASSED] - Statement - If (!(empty)): null

2018-11-24 11:49:19 - [TEST_STEP][PASSED] - Statement - scenarioData = TestCase.getValue("Modules", getTestCaseData): null

2018-11-24 11:49:19 - [TEST_STEP][PASSED] - Statement - useractionData = TestCase.getValue("UserAction", getTestCaseData): null

2018-11-24 11:49:19 - [TEST_STEP][PASSED] - Statement - If (!(empty)): null

2018-11-24 11:49:19 - [TEST_STEP][PASSED] - Statement - scenarioData = TestCase.getValue("Modules", getTestCaseData): null

2018-11-24 11:49:19 - [TEST_STEP][PASSED] - Statement - useractionData = TestCase.getValue("UserAction", getTestCaseData): null

2018-11-24 11:49:19 - [TEST_STEP][PASSED] - Statement - If (!(empty)): null

2018-11-24 11:49:19 - [TEST_STEP][PASSED] - Statement - scenarioData = TestCase.getValue("Modules", getTestCaseData): null

2018-11-24 11:49:19 - [TEST_STEP][PASSED] - Statement - useractionData = TestCase.getValue("UserAction", getTestCaseData): null

2018-11-24 11:49:19 - [TEST_STEP][PASSED] - Statement - If (!(empty)): null

2018-11-24 11:49:19 - [TEST_STEP][PASSED] - Statement - scenarioData = TestCase.getValue("Modules", getTestCaseData): null

2018-11-24 11:49:19 - [TEST_STEP][PASSED] - Statement - useractionData = TestCase.getValue("UserAction", getTestCaseData): null

2018-11-24 11:49:19 - [TEST_STEP][PASSED] - Statement - If (!(empty)): null

2018-11-24 11:49:19 - [TEST_STEP][PASSED] - Statement - scenarioData = TestCase.getValue("Modules", getTestCaseData): null

2018-11-24 11:49:19 - [TEST_STEP][PASSED] - Statement - useractionData = TestCase.getValue("UserAction", getTestCaseData): null

2018-11-24 11:49:19 - [TEST_STEP][PASSED] - Statement - If (!(empty)): null

2018-11-24 11:49:19 - [TEST_STEP][PASSED] - Statement - scenarioData = TestCase.getValue("Modules", getTestCaseData): null

2018-11-24 11:49:19 - [TEST_STEP][PASSED] - Statement - useractionData = TestCase.getValue("UserAction", getTestCaseData): null

2018-11-24 11:49:19 - [TEST_STEP][PASSED] - Statement - If (!(empty)): null

2018-11-24 11:49:19 - [TEST_STEP][PASSED] - Statement - scenarioData = TestCase.getValue("Modules", getTestCaseData): null

2018-11-24 11:49:19 - [TEST_STEP][PASSED] - Statement - useractionData = TestCase.getValue("UserAction", getTestCaseData): null

2018-11-24 11:49:19 - [TEST_STEP][PASSED] - Statement - If (!(empty)): null

2018-11-24 11:49:19 - [TEST_STEP][PASSED] - Statement - scenarioData = TestCase.getValue("Modules", getTestCaseData): null

2018-11-24 11:49:19 - [TEST_STEP][PASSED] - Statement - useractionData = TestCase.getValue("UserAction", getTestCaseData): null

2018-11-24 11:49:19 - [TEST_STEP][PASSED] - Statement - If (!(empty)): null

2018-11-24 11:49:19 - [TEST_STEP][PASSED] - Statement - scenarioData = TestCase.getValue("Modules", getTestCaseData): null

2018-11-24 11:49:19 - [TEST_STEP][PASSED] - Statement - useractionData = TestCase.getValue("UserAction", getTestCaseData): null

2018-11-24 11:49:19 - [TEST_STEP][PASSED] - Statement - If (!(empty)): null

2018-11-24 11:49:19 - [TEST_STEP][PASSED] - Statement - scenarioData = TestCase.getValue("Modules", getTestCaseData): null

2018-11-24 11:49:19 - [TEST_STEP][PASSED] - Statement - useractionData = TestCase.getValue("UserAction", getTestCaseData): null

2018-11-24 11:49:19 - [TEST_STEP][PASSED] - Statement - If (!(empty)): null

2018-11-24 11:49:19 - [TEST_STEP][PASSED] - Statement - scenarioData = TestCase.getValue("Modules", getTestCaseData): null

2018-11-24 11:49:19 - [TEST_STEP][PASSED] - Statement - useractionData = TestCase.getValue("UserAction", getTestCaseData): null

2018-11-24 11:49:19 - [TEST_STEP][PASSED] - Statement - If (!(empty)): null

2018-11-24 11:49:19 - [TEST_STEP][PASSED] - Statement - scenarioData = TestCase.getValue("Modules", getTestCaseData): null

2018-11-24 11:49:19 - [TEST_STEP][PASSED] - Statement - useractionData = TestCase.getValue("UserAction", getTestCaseData): null

2018-11-24 11:49:19 - [TEST_STEP][PASSED] - Statement - If (!(empty)): null

2018-11-24 11:49:19 - [TEST_STEP][PASSED] - Statement - scenarioData = TestCase.getValue("Modules", getTestCaseData): null

2018-11-24 11:49:19 - [TEST_STEP][PASSED] - Statement - useractionData = TestCase.getValue("UserAction", getTestCaseData): null

2018-11-24 11:49:19 - [TEST_STEP][PASSED] - Statement - If (!(empty)): null

2018-11-24 11:49:19 - [TEST_STEP][PASSED] - Statement - scenarioData = TestCase.getValue("Modules", getTestCaseData): null

2018-11-24 11:49:19 - [TEST_STEP][PASSED] - Statement - useractionData = TestCase.getValue("UserAction", getTestCaseData): null

2018-11-24 11:49:19 - [TEST_STEP][PASSED] - Statement - If (!(empty)): null

2018-11-24 11:49:19 - [TEST_STEP][PASSED] - Statement - scenarioData = TestCase.getValue("Modules", getTestCaseData): null

2018-11-24 11:49:19 - [TEST_STEP][PASSED] - Statement - useractionData = TestCase.getValue("UserAction", getTestCaseData): null

2018-11-24 11:49:19 - [TEST_STEP][PASSED] - Statement - If (!(empty)): null

2018-11-24 11:49:19 - [TEST_STEP][PASSED] - Statement - scenarioData = TestCase.getValue("Modules", getTestCaseData): null

2018-11-24 11:49:19 - [TEST_STEP][PASSED] - Statement - useractionData = TestCase.getValue("UserAction", getTestCaseData): null

2018-11-24 11:49:19 - [TEST_STEP][PASSED] - Statement - If (!(empty)): null

2018-11-24 11:49:19 - [TEST_STEP][PASSED] - Statement - scenarioData = TestCase.getValue("Modules", getTestCaseData): null

2018-11-24 11:49:19 - [TEST_STEP][PASSED] - Statement - useractionData = TestCase.getValue("UserAction", getTestCaseData): null

2018-11-24 11:49:19 - [TEST_STEP][PASSED] - Statement - If (!(empty)): null

2018-11-24 11:49:19 - [TEST_STEP][PASSED] - Statement - scenarioData = TestCase.getValue("Modules", getTestCaseData): null

2018-11-24 11:49:19 - [TEST_STEP][PASSED] - Statement - useractionData = TestCase.getValue("UserAction", getTestCaseData): null

2018-11-24 11:49:19 - [TEST_STEP][PASSED] - Statement - If (!(empty)): null

2018-11-24 11:49:19 - [TEST_STEP][PASSED] - Statement - scenarioData = TestCase.getValue("Modules", getTestCaseData): null

2018-11-24 11:49:19 - [TEST_STEP][PASSED] - Statement - useractionData = TestCase.getValue("UserAction", getTestCaseData): null

2018-11-24 11:49:19 - [TEST_STEP][PASSED] - Statement - If (!(empty)): null

2018-11-24 11:49:19 - [TEST_STEP][PASSED] - Statement - scenarioData = TestCase.getValue("Modules", getTestCaseData): null

2018-11-24 11:49:19 - [TEST_STEP][PASSED] - Statement - useractionData = TestCase.getValue("UserAction", getTestCaseData): null

2018-11-24 11:49:19 - [TEST_STEP][PASSED] - Statement - If (!(empty)): null

2018-11-24 11:49:19 - [TEST_STEP][PASSED] - Statement - scenarioData = TestCase.getValue("Modules", getTestCaseData): null

2018-11-24 11:49:19 - [TEST_STEP][PASSED] - Statement - useractionData = TestCase.getValue("UserAction", getTestCaseData): null

2018-11-24 11:49:19 - [TEST_STEP][PASSED] - Statement - If (!(empty)): null

2018-11-24 11:49:19 - [TEST_STEP][PASSED] - Statement - hmap.put(getTestCaseData, scenarioData): null

2018-11-24 11:49:19 - [TEST_STEP][PASSED] - Statement - hmapuserAction.put(getTestCaseData, useractionData): null

2018-11-24 11:49:19 - [TEST_STEP][PASSED] - Statement - scenarioData = TestCase.getValue("Modules", getTestCaseData): null

2018-11-24 11:49:19 - [TEST_STEP][PASSED] - Statement - useractionData = TestCase.getValue("UserAction", getTestCaseData): null

2018-11-24 11:49:19 - [TEST_STEP][PASSED] - Statement - If (!(empty)): null

2018-11-24 11:49:19 - [TEST_STEP][PASSED] - Statement - scenarioData = TestCase.getValue("Modules", getTestCaseData): null

2018-11-24 11:49:19 - [TEST_STEP][PASSED] - Statement - useractionData = TestCase.getValue("UserAction", getTestCaseData): null

2018-11-24 11:49:19 - [TEST_STEP][PASSED] - Statement - If (!(empty)): null

2018-11-24 11:49:19 - [TEST_STEP][PASSED] - Statement - scenarioData = TestCase.getValue("Modules", getTestCaseData): null

2018-11-24 11:49:19 - [TEST_STEP][PASSED] - Statement - useractionData = TestCase.getValue("UserAction", getTestCaseData): null

2018-11-24 11:49:19 - [TEST_STEP][PASSED] - Statement - If (!(empty)): null

2018-11-24 11:49:19 - [TEST_STEP][PASSED] - Statement - scenarioData = TestCase.getValue("Modules", getTestCaseData): null

2018-11-24 11:49:19 - [TEST_STEP][PASSED] - Statement - useractionData = TestCase.getValue("UserAction", getTestCaseData): null

2018-11-24 11:49:19 - [TEST_STEP][PASSED] - Statement - If (!(empty)): null

2018-11-24 11:49:19 - [TEST_STEP][PASSED] - Statement - scenarioData = TestCase.getValue("Modules", getTestCaseData): null

2018-11-24 11:49:19 - [TEST_STEP][PASSED] - Statement - useractionData = TestCase.getValue("UserAction", getTestCaseData): null

2018-11-24 11:49:19 - [TEST_STEP][PASSED] - Statement - If (!(empty)): null

2018-11-24 11:49:19 - [TEST_STEP][PASSED] - Statement - scenarioData = TestCase.getValue("Modules", getTestCaseData): null

2018-11-24 11:49:19 - [TEST_STEP][PASSED] - Statement - useractionData = TestCase.getValue("UserAction", getTestCaseData): null

2018-11-24 11:49:19 - [TEST_STEP][PASSED] - Statement - If (!(empty)): null

2018-11-24 11:49:19 - [TEST_STEP][PASSED] - Statement - scenarioData = TestCase.getValue("Modules", getTestCaseData): null

2018-11-24 11:49:19 - [TEST_STEP][PASSED] - Statement - useractionData = TestCase.getValue("UserAction", getTestCaseData): null

2018-11-24 11:49:19 - [TEST_STEP][PASSED] - Statement - If (!(empty)): null

2018-11-24 11:49:19 - [TEST_STEP][PASSED] - Statement - scenarioData = TestCase.getValue("Modules", getTestCaseData): null

2018-11-24 11:49:19 - [TEST_STEP][PASSED] - Statement - useractionData = TestCase.getValue("UserAction", getTestCaseData): null

2018-11-24 11:49:19 - [TEST_STEP][PASSED] - Statement - If (!(empty)): null

2018-11-24 11:49:19 - [TEST_STEP][PASSED] - Statement - scenarioData = TestCase.getValue("Modules", getTestCaseData): null

2018-11-24 11:49:19 - [TEST_STEP][PASSED] - Statement - useractionData = TestCase.getValue("UserAction", getTestCaseData): null

2018-11-24 11:49:19 - [TEST_STEP][PASSED] - Statement - If (!(empty)): null

2018-11-24 11:49:19 - [TEST_STEP][PASSED] - Statement - scenarioData = TestCase.getValue("Modules", getTestCaseData): null

2018-11-24 11:49:19 - [TEST_STEP][PASSED] - Statement - useractionData = TestCase.getValue("UserAction", getTestCaseData): null

2018-11-24 11:49:19 - [TEST_STEP][PASSED] - Statement - If (!(empty)): null

2018-11-24 11:49:19 - [TEST_STEP][PASSED] - Statement - scenarioData = TestCase.getValue("Modules", getTestCaseData): null

2018-11-24 11:49:19 - [TEST_STEP][PASSED] - Statement - useractionData = TestCase.getValue("UserAction", getTestCaseData): null

2018-11-24 11:49:19 - [TEST_STEP][PASSED] - Statement - If (!(empty)): null

2018-11-24 11:49:19 - [TEST_STEP][PASSED] - Statement - scenarioData = TestCase.getValue("Modules", getTestCaseData): null

2018-11-24 11:49:19 - [TEST_STEP][PASSED] - Statement - useractionData = TestCase.getValue("UserAction", getTestCaseData): null

2018-11-24 11:49:19 - [TEST_STEP][PASSED] - Statement - If (!(empty)): null

2018-11-24 11:49:19 - [TEST_STEP][PASSED] - Statement - scenarioData = TestCase.getValue("Modules", getTestCaseData): null

2018-11-24 11:49:19 - [TEST_STEP][PASSED] - Statement - useractionData = TestCase.getValue("UserAction", getTestCaseData): null

2018-11-24 11:49:19 - [TEST_STEP][PASSED] - Statement - If (!(empty)): null

2018-11-24 11:49:19 - [TEST_STEP][PASSED] - Statement - scenarioData = TestCase.getValue("Modules", getTestCaseData): null

2018-11-24 11:49:19 - [TEST_STEP][PASSED] - Statement - useractionData = TestCase.getValue("UserAction", getTestCaseData): null

2018-11-24 11:49:19 - [TEST_STEP][PASSED] - Statement - If (!(empty)): null

2018-11-24 11:49:19 - [TEST_STEP][PASSED] - Statement - scenarioData = TestCase.getValue("Modules", getTestCaseData): null

2018-11-24 11:49:19 - [TEST_STEP][PASSED] - Statement - useractionData = TestCase.getValue("UserAction", getTestCaseData): null

2018-11-24 11:49:19 - [TEST_STEP][PASSED] - Statement - If (!(empty)): null

2018-11-24 11:49:19 - [TEST_STEP][PASSED] - Statement - scenarioData = TestCase.getValue("Modules", getTestCaseData): null

[...]

2018-11-24 11:51:48 - [TEST_STEP][PASSED] - Statement - If (CustomKeywords.function.CheckPoints.Search(driver, locatorSearch, inputSearch, result).booleanValue() == true): null

2018-11-24 11:51:49 - [MESSAGE][PASSED] - function.CheckPoints.Search is PASSED

2018-11-24 11:51:49 - [TEST_STEP][PASSED] - Statement - println("Search pass"): null

2018-11-24 11:51:49 - [TEST_STEP][PASSED] - function.CheckPoints.WriteToExcelPass: null

2018-11-24 11:51:49 - [MESSAGE][PASSED] - function.CheckPoints.WriteToExcelPass is PASSED

2018-11-24 11:51:49 - [TEST_STEP][PASSED] - Statement - Break: null

2018-11-24 11:51:49 - [TEST_STEP][PASSED] - Statement - If (UserActions.equals("End") && getSplitedData == dataValues - 1): null

2018-11-24 11:51:49 - [TEST_STEP][PASSED] - Statement - println(index:$index): null

2018-11-24 11:51:49 - [TEST_STEP][PASSED] - Statement - println(Testcases.getRowNumbers() :$Testcases.getRowNumbers()): null

2018-11-24 11:51:49 - [TEST_STEP][PASSED] - Statement - validate = Testcases.getRowNumbers(): null

2018-11-24 11:51:49 - [TEST_STEP][PASSED] - Statement - println(testDatastestDatas:$testDatas): null

2018-11-24 11:51:49 - [TEST_STEP][PASSED] - Statement - If (testDatas == validate): null

2018-11-24 11:51:49 - [TEST_STEP][PASSED] - Statement - println(index:$index): null

2018-11-24 11:51:49 - [TEST_STEP][PASSED] - Statement - testDatas = index + 1: null

2018-11-24 11:51:49 - [TEST_STEP][PASSED] - Statement - println(testDatas:$testDatas): null

2018-11-24 11:51:49 - [TEST_STEP][PASSED] - Statement - UserActions = Testcases.getValue("UserAction", testDatas): null

2018-11-24 11:51:49 - [TEST_STEP][PASSED] - Statement - fieldType = Testcases.getValue("FieldType", testDatas): null

2018-11-24 11:51:49 - [TEST_STEP][PASSED] - Statement - println(fieldType:$fieldType): null

2018-11-24 11:51:49 - [TEST_STEP][PASSED] - Statement - locatorType = Testcases.getValue("LocatorType", testDatas): null

2018-11-24 11:51:49 - [TEST_STEP][PASSED] - Statement - println(LocatorType:$locatorType): null

2018-11-24 11:51:49 - [TEST_STEP][PASSED] - Statement - attributeValue = Testcases.getValue("AttributeValue", testDatas): null

2018-11-24 11:51:49 - [TEST_STEP][PASSED] - Statement - locatorValue = Testcases.getValue("LocatorValue", testDatas): null

2018-11-24 11:51:49 - [TEST_STEP][PASSED] - Statement - println(LocatorValue:$locatorValue): null

2018-11-24 11:51:49 - [TEST_STEP][PASSED] - Statement - TestData = Testcases.getValue("TestData", testDatas): null

2018-11-24 11:51:49 - [TEST_STEP][PASSED] - Statement - println(TestData:$TestData): null

2018-11-24 11:51:49 - [TEST_STEP][PASSED] - Statement - validationData = Testcases.getValue("validationInput", testDatas): null

2018-11-24 11:51:49 - [TEST_STEP][PASSED] - Statement - println(validationData:$validationData): null

2018-11-24 11:51:49 - [TEST_STEP][PASSED] - Statement - result = <not implemented yet for class: org.codehaus.groovy.ast.expr.EmptyExpression>: null

2018-11-24 11:51:49 - [TEST_STEP][PASSED] - Statement - println(getSplitedDatainside:$getSplitedData): null

2018-11-24 11:51:49 - [TEST_STEP][PASSED] - Statement - TestDataSplited = TestData.split(";"): null

2018-11-24 11:51:49 - [TEST_STEP][PASSED] - Statement - assignValue = <not implemented yet for class: org.codehaus.groovy.ast.expr.EmptyExpression>: null

2018-11-24 11:51:49 - [TEST_STEP][PASSED] - Statement - validationDataSplited = validationData.split(";"): null

2018-11-24 11:51:49 - [TEST_STEP][PASSED] - Statement - validateValue = <not implemented yet for class: org.codehaus.groovy.ast.expr.EmptyExpression>: null

2018-11-24 11:51:49 - [TEST_STEP][PASSED] - Statement - If (getSplitedData < TestDataSplited.size()): null

2018-11-24 11:51:49 - [TEST_STEP][PASSED] - Statement - assignValue = TestDataSplited[getSplitedData]: null

2018-11-24 11:51:49 - [TEST_STEP][PASSED] - Statement - println(assignValue:$assignValue): null

2018-11-24 11:51:49 - [TEST_STEP][PASSED] - Statement - If (getSplitedData < validationDataSplited.size()): null

2018-11-24 11:51:49 - [TEST_STEP][PASSED] - Statement - validateValue = validationDataSplited[getSplitedData]: null

2018-11-24 11:51:49 - [TEST_STEP][PASSED] - Statement - println(validateValue:$validateValue): null

2018-11-24 11:51:49 - [TEST_STEP][PASSED] - Statement - switch (UserActions): null

2018-11-24 11:51:49 - [TEST_STEP][PASSED] - Statement - case "Delay":: null

2018-11-24 11:51:49 - [TEST_STEP][PASSED] - Statement - If (!(empty)): null

2018-11-24 11:51:49 - [TEST_STEP][PASSED] - Statement - Else: null

2018-11-24 11:51:49 - [TEST_STEP][PASSED] - Statement - java.lang.Thread.sleep(1000): null

2018-11-24 11:51:50 - [TEST_STEP][PASSED] - Statement - Break: null

2018-11-24 11:51:50 - [TEST_STEP][PASSED] - Statement - If (UserActions.equals("End") && getSplitedData == dataValues - 1): null

2018-11-24 11:51:50 - [TEST_STEP][PASSED] - Statement - println(index:$index): null

2018-11-24 11:51:50 - [TEST_STEP][PASSED] - Statement - println(Testcases.getRowNumbers() :$Testcases.getRowNumbers()): null

2018-11-24 11:51:50 - [TEST_STEP][PASSED] - Statement - validate = Testcases.getRowNumbers(): null

2018-11-24 11:51:50 - [TEST_STEP][PASSED] - Statement - println(testDatastestDatas:$testDatas): null

2018-11-24 11:51:50 - [TEST_STEP][PASSED] - Statement - If (testDatas == validate): null

2018-11-24 11:51:50 - [TEST_STEP][PASSED] - Statement - println(index:$index): null

2018-11-24 11:51:50 - [TEST_STEP][PASSED] - Statement - testDatas = index + 1: null

2018-11-24 11:51:50 - [TEST_STEP][PASSED] - Statement - println(testDatas:$testDatas): null

2018-11-24 11:51:50 - [TEST_STEP][PASSED] - Statement - UserActions = Testcases.getValue("UserAction", testDatas): null

2018-11-24 11:51:50 - [TEST_STEP][PASSED] - Statement - fieldType = Testcases.getValue("FieldType", testDatas): null

2018-11-24 11:51:50 - [TEST_STEP][PASSED] - Statement - println(fieldType:$fieldType): null

2018-11-24 11:51:50 - [TEST_STEP][PASSED] - Statement - locatorType = Testcases.getValue("LocatorType", testDatas): null

2018-11-24 11:51:50 - [TEST_STEP][PASSED] - Statement - println(LocatorType:$locatorType): null

2018-11-24 11:51:50 - [TEST_STEP][PASSED] - Statement - attributeValue = Testcases.getValue("AttributeValue", testDatas): null

2018-11-24 11:51:50 - [TEST_STEP][PASSED] - Statement - locatorValue = Testcases.getValue("LocatorValue", testDatas): null

2018-11-24 11:51:50 - [TEST_STEP][PASSED] - Statement - println(LocatorValue:$locatorValue): null

2018-11-24 11:51:50 - [TEST_STEP][PASSED] - Statement - TestData = Testcases.getValue("TestData", testDatas): null

2018-11-24 11:51:50 - [TEST_STEP][PASSED] - Statement - println(TestData:$TestData): null

2018-11-24 11:51:50 - [TEST_STEP][PASSED] - Statement - validationData = Testcases.getValue("validationInput", testDatas): null

2018-11-24 11:51:50 - [TEST_STEP][PASSED] - Statement - println(validationData:$validationData): null

2018-11-24 11:51:50 - [TEST_STEP][PASSED] - Statement - result = <not implemented yet for class: org.codehaus.groovy.ast.expr.EmptyExpression>: null

2018-11-24 11:51:50 - [TEST_STEP][PASSED] - Statement - println(getSplitedDatainside:$getSplitedData): null

2018-11-24 11:51:50 - [TEST_STEP][PASSED] - Statement - TestDataSplited = TestData.split(";"): null

2018-11-24 11:51:50 - [TEST_STEP][PASSED] - Statement - assignValue = <not implemented yet for class: org.codehaus.groovy.ast.expr.EmptyExpression>: null

2018-11-24 11:51:50 - [TEST_STEP][PASSED] - Statement - validationDataSplited = validationData.split(";"): null

2018-11-24 11:51:50 - [TEST_STEP][PASSED] - Statement - validateValue = <not implemented yet for class: org.codehaus.groovy.ast.expr.EmptyExpression>: null

2018-11-24 11:51:50 - [TEST_STEP][PASSED] - Statement - If (getSplitedData < TestDataSplited.size()): null

2018-11-24 11:51:50 - [TEST_STEP][PASSED] - Statement - assignValue = TestDataSplited[getSplitedData]: null

2018-11-24 11:51:50 - [TEST_STEP][PASSED] - Statement - println(assignValue:$assignValue): null

2018-11-24 11:51:50 - [TEST_STEP][PASSED] - Statement - If (getSplitedData < validationDataSplited.size()): null

2018-11-24 11:51:50 - [TEST_STEP][PASSED] - Statement - validateValue = validationDataSplited[getSplitedData]: null

2018-11-24 11:51:50 - [TEST_STEP][PASSED] - Statement - println(validateValue:$validateValue): null

2018-11-24 11:51:50 - [TEST_STEP][PASSED] - Statement - switch (UserActions): null

2018-11-24 11:51:50 - [TEST_STEP][PASSED] - Statement - case "Text":: null

2018-11-24 11:51:50 - [TEST_STEP][PASSED] - Statement - switchtext(driver, fieldType, locatorType, locatorValue, assignValue, result, testDatas, getSplitedData, attributeValue, validateValue): null

2018-11-24 11:51:50 - [TEST_STEP][PASSED] - Statement - switch (fieldType): function.CheckPoints.WriteToExcelPass is PASSED

2018-11-24 11:51:50 - [TEST_STEP][PASSED] - Statement - case "GetText":: function.CheckPoints.WriteToExcelPass is PASSED

2018-11-24 11:51:50 - [TEST_STEP][PASSED] - Statement - Try: function.CheckPoints.WriteToExcelPass is PASSED

2018-11-24 11:51:50 - [TEST_STEP][PASSED] - Statement - locator = CustomKeywords.function.CheckPoints.getLocator(driver, locatorType, locatorValue): function.CheckPoints.getLocator is PASSED

2018-11-24 11:51:50 - [MESSAGE][PASSED] - function.CheckPoints.getLocator is PASSED

2018-11-24 11:51:50 - [TEST_STEP][PASSED] - Statement - gettingText = validateValue: null

2018-11-24 11:51:50 - [TEST_STEP][PASSED] - Statement - println(gettingText:$gettingText): null

2018-11-24 11:51:50 - [TEST_STEP][PASSED] - Statement - java.lang.Thread.sleep(2000): null

2018-11-24 11:51:52 - [TEST_STEP][PASSED] - Statement - If (CustomKeywords.function.CheckPoints.GetText(driver, locator, gettingText, result).booleanValue() == true): function.CheckPoints.WriteToExcelPass is PASSED

2018-11-24 11:51:52 - [MESSAGE][PASSED] - function.CheckPoints.GetText is PASSED

2018-11-24 11:51:52 - [TEST_STEP][PASSED] - Statement - println("GetText pass"): null

2018-11-24 11:51:52 - [TEST_STEP][PASSED] - function.CheckPoints.WriteToExcelPass: function.CheckPoints.WriteToExcelPass is PASSED

2018-11-24 11:51:52 - [MESSAGE][PASSED] - function.CheckPoints.WriteToExcelPass is PASSED

2018-11-24 11:51:52 - [TEST_STEP][PASSED] - Statement - Break: function.CheckPoints.WriteToExcelPass is PASSED

2018-11-24 11:51:52 - [TEST_STEP][PASSED] - Statement - Break: null

2018-11-24 11:51:52 - [TEST_STEP][PASSED] - Statement - If (UserActions.equals("End") && getSplitedData == dataValues - 1): null

2018-11-24 11:51:52 - [TEST_STEP][PASSED] - Statement - println(index:$index): null

2018-11-24 11:51:52 - [TEST_STEP][PASSED] - Statement - println(Testcases.getRowNumbers() :$Testcases.getRowNumbers()): null

2018-11-24 11:51:52 - [TEST_STEP][PASSED] - Statement - validate = Testcases.getRowNumbers(): null

2018-11-24 11:51:52 - [TEST_STEP][PASSED] - Statement - println(testDatastestDatas:$testDatas): null

2018-11-24 11:51:52 - [TEST_STEP][PASSED] - Statement - If (testDatas == validate): null

2018-11-24 11:51:52 - [TEST_STEP][PASSED] - Statement - println(index:$index): null

2018-11-24 11:51:52 - [TEST_STEP][PASSED] - Statement - testDatas = index + 1: null

2018-11-24 11:51:52 - [TEST_STEP][PASSED] - Statement - println(testDatas:$testDatas): null

2018-11-24 11:51:52 - [TEST_STEP][PASSED] - Statement - UserActions = Testcases.getValue("UserAction", testDatas): null

2018-11-24 11:51:52 - [TEST_STEP][PASSED] - Statement - fieldType = Testcases.getValue("FieldType", testDatas): null

2018-11-24 11:51:52 - [TEST_STEP][PASSED] - Statement - println(fieldType:$fieldType): null

2018-11-24 11:51:52 - [TEST_STEP][PASSED] - Statement - locatorType = Testcases.getValue("LocatorType", testDatas): null

2018-11-24 11:51:52 - [TEST_STEP][PASSED] - Statement - println(LocatorType:$locatorType): null

2018-11-24 11:51:52 - [TEST_STEP][PASSED] - Statement - attributeValue = Testcases.getValue("AttributeValue", testDatas): null

2018-11-24 11:51:52 - [TEST_STEP][PASSED] - Statement - locatorValue = Testcases.getValue("LocatorValue", testDatas): null

2018-11-24 11:51:52 - [TEST_STEP][PASSED] - Statement - println(LocatorValue:$locatorValue): null

2018-11-24 11:51:52 - [TEST_STEP][PASSED] - Statement - TestData = Testcases.getValue("TestData", testDatas): null

2018-11-24 11:51:52 - [TEST_STEP][PASSED] - Statement - println(TestData:$TestData): null

2018-11-24 11:51:52 - [TEST_STEP][PASSED] - Statement - validationData = Testcases.getValue("validationInput", testDatas): null

2018-11-24 11:51:52 - [TEST_STEP][PASSED] - Statement - println(validationData:$validationData): null

2018-11-24 11:51:52 - [TEST_STEP][PASSED] - Statement - result = <not implemented yet for class: org.codehaus.groovy.ast.expr.EmptyExpression>: null

2018-11-24 11:51:52 - [TEST_STEP][PASSED] - Statement - println(getSplitedDatainside:$getSplitedData): null

2018-11-24 11:51:52 - [TEST_STEP][PASSED] - Statement - TestDataSplited = TestData.split(";"): null

2018-11-24 11:51:52 - [TEST_STEP][PASSED] - Statement - assignValue = <not implemented yet for class: org.codehaus.groovy.ast.expr.EmptyExpression>: null

2018-11-24 11:51:52 - [TEST_STEP][PASSED] - Statement - validationDataSplited = validationData.split(";"): null

2018-11-24 11:51:52 - [TEST_STEP][PASSED] - Statement - validateValue = <not implemented yet for class: org.codehaus.groovy.ast.expr.EmptyExpression>: null

2018-11-24 11:51:52 - [TEST_STEP][PASSED] - Statement - If (getSplitedData < TestDataSplited.size()): null

2018-11-24 11:51:52 - [TEST_STEP][PASSED] - Statement - assignValue = TestDataSplited[getSplitedData]: null

2018-11-24 11:51:52 - [TEST_STEP][PASSED] - Statement - println(assignValue:$assignValue): null

2018-11-24 11:51:52 - [TEST_STEP][PASSED] - Statement - If (getSplitedData < validationDataSplited.size()): null

2018-11-24 11:51:52 - [TEST_STEP][PASSED] - Statement - validateValue = validationDataSplited[getSplitedData]: null

2018-11-24 11:51:52 - [TEST_STEP][PASSED] - Statement - println(validateValue:$validateValue): null

2018-11-24 11:51:52 - [TEST_STEP][PASSED] - Statement - switch (UserActions): null

2018-11-24 11:51:52 - [TEST_STEP][PASSED] - Statement - case "Delay":: null

2018-11-24 11:51:52 - [TEST_STEP][PASSED] - Statement - If (!(empty)): null

2018-11-24 11:51:52 - [TEST_STEP][PASSED] - Statement - Else: null

2018-11-24 11:51:52 - [TEST_STEP][PASSED] - Statement - java.lang.Thread.sleep(1000): null

2018-11-24 11:51:53 - [TEST_STEP][PASSED] - Statement - Break: null

2018-11-24 11:51:53 - [TEST_STEP][PASSED] - Statement - If (UserActions.equals("End") && getSplitedData == dataValues - 1): null

2018-11-24 11:51:53 - [TEST_STEP][PASSED] - Statement - println(index:$index): null

2018-11-24 11:51:53 - [TEST_STEP][PASSED] - Statement - println(Testcases.getRowNumbers() :$Testcases.getRowNumbers()): null

2018-11-24 11:51:53 - [TEST_STEP][PASSED] - Statement - validate = Testcases.getRowNumbers(): null

2018-11-24 11:51:53 - [TEST_STEP][PASSED] - Statement - println(testDatastestDatas:$testDatas): null

2018-11-24 11:51:53 - [TEST_STEP][PASSED] - Statement - If (testDatas == validate): null

2018-11-24 11:51:53 - [TEST_STEP][PASSED] - Statement - println(index:$index): null

2018-11-24 11:51:53 - [TEST_STEP][PASSED] - Statement - testDatas = index + 1: null

2018-11-24 11:51:53 - [TEST_STEP][PASSED] - Statement - println(testDatas:$testDatas): null

2018-11-24 11:51:53 - [TEST_STEP][PASSED] - Statement - UserActions = Testcases.getValue("UserAction", testDatas): null

2018-11-24 11:51:53 - [TEST_STEP][PASSED] - Statement - fieldType = Testcases.getValue("FieldType", testDatas): null

2018-11-24 11:51:53 - [TEST_STEP][PASSED] - Statement - println(fieldType:$fieldType): null

2018-11-24 11:51:53 - [TEST_STEP][PASSED] - Statement - locatorType = Testcases.getValue("LocatorType", testDatas): null

2018-11-24 11:51:53 - [TEST_STEP][PASSED] - Statement - println(LocatorType:$locatorType): null

2018-11-24 11:51:53 - [TEST_STEP][PASSED] - Statement - attributeValue = Testcases.getValue("AttributeValue", testDatas): null

2018-11-24 11:51:53 - [TEST_STEP][PASSED] - Statement - locatorValue = Testcases.getValue("LocatorValue", testDatas): null

2018-11-24 11:51:53 - [TEST_STEP][PASSED] - Statement - println(LocatorValue:$locatorValue): null

2018-11-24 11:51:53 - [TEST_STEP][PASSED] - Statement - TestData = Testcases.getValue("TestData", testDatas): null

2018-11-24 11:51:53 - [TEST_STEP][PASSED] - Statement - println(TestData:$TestData): null

2018-11-24 11:51:53 - [TEST_STEP][PASSED] - Statement - validationData = Testcases.getValue("validationInput", testDatas): null

2018-11-24 11:51:53 - [TEST_STEP][PASSED] - Statement - println(validationData:$validationData): null

2018-11-24 11:51:53 - [TEST_STEP][PASSED] - Statement - result = <not implemented yet for class: org.codehaus.groovy.ast.expr.EmptyExpression>: null

2018-11-24 11:51:53 - [TEST_STEP][PASSED] - Statement - println(getSplitedDatainside:$getSplitedData): null

2018-11-24 11:51:53 - [TEST_STEP][PASSED] - Statement - TestDataSplited = TestData.split(";"): null

2018-11-24 11:51:53 - [TEST_STEP][PASSED] - Statement - assignValue = <not implemented yet for class: org.codehaus.groovy.ast.expr.EmptyExpression>: null

2018-11-24 11:51:53 - [TEST_STEP][PASSED] - Statement - validationDataSplited = validationData.split(";"): null

2018-11-24 11:51:53 - [TEST_STEP][PASSED] - Statement - validateValue = <not implemented yet for class: org.codehaus.groovy.ast.expr.EmptyExpression>: null

2018-11-24 11:51:53 - [TEST_STEP][PASSED] - Statement - If (getSplitedData < TestDataSplited.size()): null

2018-11-24 11:51:53 - [TEST_STEP][PASSED] - Statement - assignValue = TestDataSplited[getSplitedData]: null

2018-11-24 11:51:53 - [TEST_STEP][PASSED] - Statement - println(assignValue:$assignValue): null

2018-11-24 11:51:53 - [TEST_STEP][PASSED] - Statement - If (getSplitedData < validationDataSplited.size()): null

2018-11-24 11:51:53 - [TEST_STEP][PASSED] - Statement - validateValue = validationDataSplited[getSplitedData]: null

2018-11-24 11:51:53 - [TEST_STEP][PASSED] - Statement - println(validateValue:$validateValue): null

2018-11-24 11:51:53 - [TEST_STEP][PASSED] - Statement - switch (UserActions): null

2018-11-24 11:51:53 - [TEST_STEP][PASSED] - Statement - case "End":: null

2018-11-24 11:51:53 - [TEST_STEP][PASSED] - Statement - endPoint = "BreakNow": null

2018-11-24 11:51:53 - [TEST_STEP][PASSED] - Statement - println("Breaking switch"): null

2018-11-24 11:51:53 - [TEST_STEP][PASSED] - Statement - Break: null

2018-11-24 11:51:53 - [TEST_STEP][PASSED] - Statement - If (UserActions.equals("End") && getSplitedData == dataValues - 1): null

2018-11-24 11:51:53 - [TEST_STEP][PASSED] - Statement - Testcaseindex = Testcases.getRowNumbers() + 1: null

2018-11-24 11:51:53 - [TEST_STEP][PASSED] - Statement - println(index:$index): null

2018-11-24 11:51:53 - [TEST_STEP][PASSED] - Statement - println(Testcases.getRowNumbers() :$Testcases.getRowNumbers()): null

2018-11-24 11:51:53 - [TEST_STEP][PASSED] - Statement - validate = Testcases.getRowNumbers(): null

2018-11-24 11:51:53 - [TEST_STEP][PASSED] - Statement - println(testDatastestDatas:$testDatas): null

2018-11-24 11:51:53 - [TEST_STEP][PASSED] - Statement - If (testDatas == validate): null

2018-11-24 11:51:53 - [TEST_STEP][PASSED] - function.CheckPoints.WriteToExcelPass: function.CheckPoints.WriteToExcelPass is PASSED

2018-11-24 11:51:53 - [MESSAGE][PASSED] - function.CheckPoints.WriteToExcelPass is PASSED]]></system-out>
         <system-err><![CDATA[]]></system-err>
      </testcase>
      <system-out><![CDATA[2018-11-24 11:49:15 - [TEST_SUITE][PASSED] - FrameworkSuite: Test Cases/Framework/Framing]]></system-out>
      <system-err><![CDATA[]]></system-err>
   </testsuite>
</testsuites>
